{"/Users/oleksii_zlobin/Projects/epam/JSONAdminEditor/react-client/src/App.tsx": {"path":"/Users/oleksii_zlobin/Projects/epam/JSONAdminEditor/react-client/src/App.tsx","statementMap":{"0":{"start":{"line":18,"column":20},"end":{"line":18,"column":37}},"1":{"start":{"line":21,"column":2},"end":{"line":63,"column":4}}},"fnMap":{"0":{"name":"App","decl":{"start":{"line":20,"column":9},"end":{"line":20,"column":12}},"loc":{"start":{"line":20,"column":15},"end":{"line":64,"column":1}},"line":20}},"branchMap":{},"s":{"0":0,"1":0},"f":{"0":0},"b":{}}
,"/Users/oleksii_zlobin/Projects/epam/JSONAdminEditor/react-client/src/components/DictionarySelector.tsx": {"path":"/Users/oleksii_zlobin/Projects/epam/JSONAdminEditor/react-client/src/components/DictionarySelector.tsx","statementMap":{"0":{"start":{"line":9,"column":26},"end":{"line":16,"column":1}},"1":{"start":{"line":18,"column":69},"end":{"line":48,"column":1}},"2":{"start":{"line":22,"column":2},"end":{"line":47,"column":4}},"3":{"start":{"line":35,"column":29},"end":{"line":35,"column":81}},"4":{"start":{"line":39,"column":14},"end":{"line":41,"column":23}}},"fnMap":{"0":{"name":"(anonymous_0)","decl":{"start":{"line":18,"column":69},"end":{"line":18,"column":70}},"loc":{"start":{"line":21,"column":6},"end":{"line":48,"column":1}},"line":21},"1":{"name":"(anonymous_1)","decl":{"start":{"line":35,"column":22},"end":{"line":35,"column":23}},"loc":{"start":{"line":35,"column":29},"end":{"line":35,"column":81}},"line":35},"2":{"name":"(anonymous_2)","decl":{"start":{"line":38,"column":35},"end":{"line":38,"column":36}},"loc":{"start":{"line":39,"column":14},"end":{"line":41,"column":23}},"line":39}},"branchMap":{},"s":{"0":0,"1":0,"2":0,"3":0,"4":0},"f":{"0":0,"1":0,"2":0},"b":{}}
,"/Users/oleksii_zlobin/Projects/epam/JSONAdminEditor/react-client/src/components/ErrorBoundary.tsx": {"path":"/Users/oleksii_zlobin/Projects/epam/JSONAdminEditor/react-client/src/components/ErrorBoundary.tsx","statementMap":{"0":{"start":{"line":15,"column":4},"end":{"line":15,"column":17}},"1":{"start":{"line":16,"column":4},"end":{"line":16,"column":37}},"2":{"start":{"line":20,"column":4},"end":{"line":20,"column":37}},"3":{"start":{"line":24,"column":4},"end":{"line":24,"column":65}},"4":{"start":{"line":28,"column":4},"end":{"line":43,"column":5}},"5":{"start":{"line":29,"column":6},"end":{"line":42,"column":8}},"6":{"start":{"line":36,"column":29},"end":{"line":36,"column":53}},"7":{"start":{"line":45,"column":4},"end":{"line":45,"column":31}}},"fnMap":{"0":{"name":"(anonymous_0)","decl":{"start":{"line":14,"column":2},"end":{"line":14,"column":3}},"loc":{"start":{"line":14,"column":28},"end":{"line":17,"column":3}},"line":14},"1":{"name":"(anonymous_1)","decl":{"start":{"line":19,"column":2},"end":{"line":19,"column":3}},"loc":{"start":{"line":19,"column":55},"end":{"line":21,"column":3}},"line":19},"2":{"name":"(anonymous_2)","decl":{"start":{"line":23,"column":2},"end":{"line":23,"column":3}},"loc":{"start":{"line":23,"column":62},"end":{"line":25,"column":3}},"line":23},"3":{"name":"(anonymous_3)","decl":{"start":{"line":27,"column":2},"end":{"line":27,"column":3}},"loc":{"start":{"line":27,"column":11},"end":{"line":46,"column":3}},"line":27},"4":{"name":"(anonymous_4)","decl":{"start":{"line":36,"column":23},"end":{"line":36,"column":24}},"loc":{"start":{"line":36,"column":29},"end":{"line":36,"column":53}},"line":36}},"branchMap":{"0":{"loc":{"start":{"line":28,"column":4},"end":{"line":43,"column":5}},"type":"if","locations":[{"start":{"line":28,"column":4},"end":{"line":43,"column":5}},{"start":{},"end":{}}],"line":28},"1":{"loc":{"start":{"line":29,"column":13},"end":{"line":42,"column":7}},"type":"binary-expr","locations":[{"start":{"line":29,"column":13},"end":{"line":29,"column":32}},{"start":{"line":30,"column":8},"end":{"line":41,"column":14}}],"line":29}},"s":{"0":0,"1":0,"2":0,"3":0,"4":0,"5":0,"6":0,"7":0},"f":{"0":0,"1":0,"2":0,"3":0,"4":0},"b":{"0":[0,0],"1":[0,0]}}
,"/Users/oleksii_zlobin/Projects/epam/JSONAdminEditor/react-client/src/components/FileUpload.tsx": {"path":"/Users/oleksii_zlobin/Projects/epam/JSONAdminEditor/react-client/src/components/FileUpload.tsx","statementMap":{"0":{"start":{"line":11,"column":50},"end":{"line":18,"column":1}},"1":{"start":{"line":20,"column":53},"end":{"line":146,"column":1}},"2":{"start":{"line":25,"column":42},"end":{"line":25,"column":69}},"3":{"start":{"line":26,"column":50},"end":{"line":26,"column":65}},"4":{"start":{"line":27,"column":25},"end":{"line":27,"column":44}},"5":{"start":{"line":29,"column":27},"end":{"line":35,"column":3}},"6":{"start":{"line":30,"column":17},"end":{"line":30,"column":40}},"7":{"start":{"line":31,"column":4},"end":{"line":34,"column":5}},"8":{"start":{"line":32,"column":6},"end":{"line":32,"column":28}},"9":{"start":{"line":33,"column":6},"end":{"line":33,"column":32}},"10":{"start":{"line":37,"column":30},"end":{"line":61,"column":3}},"11":{"start":{"line":38,"column":4},"end":{"line":38,"column":30}},"12":{"start":{"line":38,"column":23},"end":{"line":38,"column":30}},"13":{"start":{"line":40,"column":4},"end":{"line":40,"column":31}},"14":{"start":{"line":42,"column":4},"end":{"line":60,"column":5}},"15":{"start":{"line":43,"column":23},"end":{"line":46,"column":8}},"16":{"start":{"line":48,"column":6},"end":{"line":52,"column":7}},"17":{"start":{"line":49,"column":8},"end":{"line":49,"column":81}},"18":{"start":{"line":51,"column":8},"end":{"line":51,"column":57}},"19":{"start":{"line":54,"column":6},"end":{"line":54,"column":44}},"20":{"start":{"line":56,"column":6},"end":{"line":56,"column":28}},"21":{"start":{"line":58,"column":24},"end":{"line":58,"column":80}},"22":{"start":{"line":59,"column":6},"end":{"line":59,"column":42}},"23":{"start":{"line":59,"column":21},"end":{"line":59,"column":42}},"24":{"start":{"line":63,"column":29},"end":{"line":69,"column":3}},"25":{"start":{"line":64,"column":4},"end":{"line":64,"column":31}},"26":{"start":{"line":65,"column":4},"end":{"line":65,"column":26}},"27":{"start":{"line":67,"column":22},"end":{"line":67,"column":78}},"28":{"start":{"line":68,"column":4},"end":{"line":68,"column":40}},"29":{"start":{"line":68,"column":19},"end":{"line":68,"column":40}},"30":{"start":{"line":71,"column":2},"end":{"line":73,"column":3}},"31":{"start":{"line":72,"column":4},"end":{"line":72,"column":16}},"32":{"start":{"line":75,"column":2},"end":{"line":145,"column":4}},"33":{"start":{"line":96,"column":26},"end":{"line":96,"column":78}}},"fnMap":{"0":{"name":"(anonymous_0)","decl":{"start":{"line":20,"column":53},"end":{"line":20,"column":54}},"loc":{"start":{"line":24,"column":6},"end":{"line":146,"column":1}},"line":24},"1":{"name":"(anonymous_1)","decl":{"start":{"line":29,"column":27},"end":{"line":29,"column":28}},"loc":{"start":{"line":29,"column":75},"end":{"line":35,"column":3}},"line":29},"2":{"name":"(anonymous_2)","decl":{"start":{"line":37,"column":30},"end":{"line":37,"column":31}},"loc":{"start":{"line":37,"column":42},"end":{"line":61,"column":3}},"line":37},"3":{"name":"(anonymous_3)","decl":{"start":{"line":63,"column":29},"end":{"line":63,"column":30}},"loc":{"start":{"line":63,"column":35},"end":{"line":69,"column":3}},"line":63},"4":{"name":"(anonymous_4)","decl":{"start":{"line":96,"column":19},"end":{"line":96,"column":20}},"loc":{"start":{"line":96,"column":26},"end":{"line":96,"column":78}},"line":96}},"branchMap":{"0":{"loc":{"start":{"line":31,"column":4},"end":{"line":34,"column":5}},"type":"if","locations":[{"start":{"line":31,"column":4},"end":{"line":34,"column":5}},{"start":{},"end":{}}],"line":31},"1":{"loc":{"start":{"line":31,"column":8},"end":{"line":31,"column":50}},"type":"binary-expr","locations":[{"start":{"line":31,"column":8},"end":{"line":31,"column":12}},{"start":{"line":31,"column":16},"end":{"line":31,"column":50}}],"line":31},"2":{"loc":{"start":{"line":38,"column":4},"end":{"line":38,"column":30}},"type":"if","locations":[{"start":{"line":38,"column":4},"end":{"line":38,"column":30}},{"start":{},"end":{}}],"line":38},"3":{"loc":{"start":{"line":48,"column":6},"end":{"line":52,"column":7}},"type":"if","locations":[{"start":{"line":48,"column":6},"end":{"line":52,"column":7}},{"start":{"line":50,"column":13},"end":{"line":52,"column":7}}],"line":48},"4":{"loc":{"start":{"line":49,"column":24},"end":{"line":49,"column":79}},"type":"binary-expr","locations":[{"start":{"line":49,"column":24},"end":{"line":49,"column":40}},{"start":{"line":49,"column":44},"end":{"line":49,"column":79}}],"line":49},"5":{"loc":{"start":{"line":51,"column":22},"end":{"line":51,"column":55}},"type":"binary-expr","locations":[{"start":{"line":51,"column":22},"end":{"line":51,"column":36}},{"start":{"line":51,"column":40},"end":{"line":51,"column":55}}],"line":51},"6":{"loc":{"start":{"line":59,"column":6},"end":{"line":59,"column":42}},"type":"if","locations":[{"start":{"line":59,"column":6},"end":{"line":59,"column":42}},{"start":{},"end":{}}],"line":59},"7":{"loc":{"start":{"line":68,"column":4},"end":{"line":68,"column":40}},"type":"if","locations":[{"start":{"line":68,"column":4},"end":{"line":68,"column":40}},{"start":{},"end":{}}],"line":68},"8":{"loc":{"start":{"line":71,"column":2},"end":{"line":73,"column":3}},"type":"if","locations":[{"start":{"line":71,"column":2},"end":{"line":73,"column":3}},{"start":{},"end":{}}],"line":71},"9":{"loc":{"start":{"line":92,"column":7},"end":{"line":143,"column":7}},"type":"binary-expr","locations":[{"start":{"line":92,"column":7},"end":{"line":92,"column":23}},{"start":{"line":93,"column":8},"end":{"line":142,"column":14}}],"line":92},"10":{"loc":{"start":{"line":96,"column":26},"end":{"line":96,"column":78}},"type":"binary-expr","locations":[{"start":{"line":96,"column":26},"end":{"line":96,"column":54}},{"start":{"line":96,"column":58},"end":{"line":96,"column":78}}],"line":96},"11":{"loc":{"start":{"line":128,"column":19},"end":{"line":137,"column":19}},"type":"cond-expr","locations":[{"start":{"line":129,"column":20},"end":{"line":132,"column":23}},{"start":{"line":134,"column":20},"end":{"line":136,"column":23}}],"line":128}},"s":{"0":0,"1":0,"2":0,"3":0,"4":0,"5":0,"6":0,"7":0,"8":0,"9":0,"10":0,"11":0,"12":0,"13":0,"14":0,"15":0,"16":0,"17":0,"18":0,"19":0,"20":0,"21":0,"22":0,"23":0,"24":0,"25":0,"26":0,"27":0,"28":0,"29":0,"30":0,"31":0,"32":0,"33":0},"f":{"0":0,"1":0,"2":0,"3":0,"4":0},"b":{"0":[0,0],"1":[0,0],"2":[0,0],"3":[0,0],"4":[0,0],"5":[0,0],"6":[0,0],"7":[0,0],"8":[0,0],"9":[0,0],"10":[0,0],"11":[0,0]}}
,"/Users/oleksii_zlobin/Projects/epam/JSONAdminEditor/react-client/src/components/JsonEditor.tsx": {"path":"/Users/oleksii_zlobin/Projects/epam/JSONAdminEditor/react-client/src/components/JsonEditor.tsx","statementMap":{"0":{"start":{"line":13,"column":53},"end":{"line":219,"column":1}},"1":{"start":{"line":20,"column":36},"end":{"line":20,"column":61}},"2":{"start":{"line":21,"column":63},"end":{"line":21,"column":87}},"3":{"start":{"line":22,"column":30},"end":{"line":22,"column":45}},"4":{"start":{"line":24,"column":2},"end":{"line":28,"column":23}},"5":{"start":{"line":25,"column":4},"end":{"line":27,"column":5}},"6":{"start":{"line":26,"column":6},"end":{"line":26,"column":50}},"7":{"start":{"line":32,"column":28},"end":{"line":42,"column":3}},"8":{"start":{"line":33,"column":44},"end":{"line":40,"column":5}},"9":{"start":{"line":41,"column":4},"end":{"line":41,"column":43}},"10":{"start":{"line":44,"column":20},"end":{"line":54,"column":3}},"11":{"start":{"line":45,"column":4},"end":{"line":45,"column":45}},"12":{"start":{"line":45,"column":38},"end":{"line":45,"column":45}},"13":{"start":{"line":47,"column":30},"end":{"line":47,"column":32}},"14":{"start":{"line":48,"column":4},"end":{"line":51,"column":7}},"15":{"start":{"line":49,"column":25},"end":{"line":49,"column":71}},"16":{"start":{"line":50,"column":6},"end":{"line":50,"column":61}},"17":{"start":{"line":53,"column":4},"end":{"line":53,"column":41}},"18":{"start":{"line":56,"column":20},"end":{"line":61,"column":3}},"19":{"start":{"line":57,"column":4},"end":{"line":60,"column":5}},"20":{"start":{"line":58,"column":22},"end":{"line":58,"column":61}},"21":{"start":{"line":58,"column":49},"end":{"line":58,"column":60}},"22":{"start":{"line":59,"column":6},"end":{"line":59,"column":28}},"23":{"start":{"line":63,"column":21},"end":{"line":75,"column":3}},"24":{"start":{"line":64,"column":20},"end":{"line":64,"column":34}},"25":{"start":{"line":65,"column":23},"end":{"line":65,"column":70}},"26":{"start":{"line":67,"column":4},"end":{"line":71,"column":5}},"27":{"start":{"line":68,"column":6},"end":{"line":68,"column":51}},"28":{"start":{"line":70,"column":6},"end":{"line":70,"column":40}},"29":{"start":{"line":73,"column":4},"end":{"line":73,"column":26}},"30":{"start":{"line":74,"column":4},"end":{"line":74,"column":30}},"31":{"start":{"line":77,"column":21},"end":{"line":81,"column":3}},"32":{"start":{"line":78,"column":4},"end":{"line":78,"column":20}},"33":{"start":{"line":79,"column":4},"end":{"line":79,"column":28}},"34":{"start":{"line":80,"column":4},"end":{"line":80,"column":21}},"35":{"start":{"line":83,"column":29},"end":{"line":85,"column":3}},"36":{"start":{"line":84,"column":4},"end":{"line":84,"column":92}},"37":{"start":{"line":84,"column":38},"end":{"line":84,"column":90}},"38":{"start":{"line":87,"column":2},"end":{"line":89,"column":3}},"39":{"start":{"line":88,"column":4},"end":{"line":88,"column":16}},"40":{"start":{"line":91,"column":2},"end":{"line":100,"column":3}},"41":{"start":{"line":92,"column":4},"end":{"line":99,"column":6}},"42":{"start":{"line":102,"column":2},"end":{"line":218,"column":4}},"43":{"start":{"line":146,"column":18},"end":{"line":146,"column":48}},"44":{"start":{"line":153,"column":16},"end":{"line":211,"column":21}},"45":{"start":{"line":155,"column":39},"end":{"line":155,"column":85}},"46":{"start":{"line":156,"column":38},"end":{"line":156,"column":55}},"47":{"start":{"line":157,"column":44},"end":{"line":157,"column":80}},"48":{"start":{"line":158,"column":39},"end":{"line":158,"column":131}},"49":{"start":{"line":160,"column":20},"end":{"line":199,"column":22}},"50":{"start":{"line":166,"column":45},"end":{"line":166,"column":89}},"51":{"start":{"line":175,"column":45},"end":{"line":175,"column":89}},"52":{"start":{"line":180,"column":30},"end":{"line":182,"column":39}},"53":{"start":{"line":190,"column":45},"end":{"line":190,"column":89}},"54":{"start":{"line":205,"column":37},"end":{"line":205,"column":56}}},"fnMap":{"0":{"name":"(anonymous_0)","decl":{"start":{"line":13,"column":53},"end":{"line":13,"column":54}},"loc":{"start":{"line":19,"column":6},"end":{"line":219,"column":1}},"line":19},"1":{"name":"(anonymous_1)","decl":{"start":{"line":24,"column":12},"end":{"line":24,"column":13}},"loc":{"start":{"line":24,"column":18},"end":{"line":28,"column":3}},"line":24},"2":{"name":"(anonymous_2)","decl":{"start":{"line":32,"column":28},"end":{"line":32,"column":29}},"loc":{"start":{"line":32,"column":60},"end":{"line":42,"column":3}},"line":32},"3":{"name":"(anonymous_3)","decl":{"start":{"line":44,"column":20},"end":{"line":44,"column":21}},"loc":{"start":{"line":44,"column":26},"end":{"line":54,"column":3}},"line":44},"4":{"name":"(anonymous_4)","decl":{"start":{"line":48,"column":39},"end":{"line":48,"column":40}},"loc":{"start":{"line":48,"column":51},"end":{"line":51,"column":5}},"line":48},"5":{"name":"(anonymous_5)","decl":{"start":{"line":56,"column":20},"end":{"line":56,"column":21}},"loc":{"start":{"line":56,"column":39},"end":{"line":61,"column":3}},"line":56},"6":{"name":"(anonymous_6)","decl":{"start":{"line":58,"column":39},"end":{"line":58,"column":40}},"loc":{"start":{"line":58,"column":49},"end":{"line":58,"column":60}},"line":58},"7":{"name":"(anonymous_7)","decl":{"start":{"line":63,"column":21},"end":{"line":63,"column":22}},"loc":{"start":{"line":63,"column":71},"end":{"line":75,"column":3}},"line":63},"8":{"name":"(anonymous_8)","decl":{"start":{"line":77,"column":21},"end":{"line":77,"column":22}},"loc":{"start":{"line":77,"column":33},"end":{"line":81,"column":3}},"line":77},"9":{"name":"(anonymous_9)","decl":{"start":{"line":83,"column":29},"end":{"line":83,"column":30}},"loc":{"start":{"line":83,"column":99},"end":{"line":85,"column":3}},"line":83},"10":{"name":"(anonymous_10)","decl":{"start":{"line":84,"column":33},"end":{"line":84,"column":34}},"loc":{"start":{"line":84,"column":38},"end":{"line":84,"column":90}},"line":84},"11":{"name":"(anonymous_11)","decl":{"start":{"line":145,"column":49},"end":{"line":145,"column":50}},"loc":{"start":{"line":146,"column":18},"end":{"line":146,"column":48}},"line":146},"12":{"name":"(anonymous_12)","decl":{"start":{"line":152,"column":29},"end":{"line":152,"column":30}},"loc":{"start":{"line":153,"column":16},"end":{"line":211,"column":21}},"line":153},"13":{"name":"(anonymous_13)","decl":{"start":{"line":154,"column":51},"end":{"line":154,"column":52}},"loc":{"start":{"line":154,"column":63},"end":{"line":200,"column":19}},"line":154},"14":{"name":"(anonymous_14)","decl":{"start":{"line":166,"column":38},"end":{"line":166,"column":39}},"loc":{"start":{"line":166,"column":45},"end":{"line":166,"column":89}},"line":166},"15":{"name":"(anonymous_15)","decl":{"start":{"line":175,"column":38},"end":{"line":175,"column":39}},"loc":{"start":{"line":175,"column":45},"end":{"line":175,"column":89}},"line":175},"16":{"name":"(anonymous_16)","decl":{"start":{"line":179,"column":48},"end":{"line":179,"column":49}},"loc":{"start":{"line":180,"column":30},"end":{"line":182,"column":39}},"line":180},"17":{"name":"(anonymous_17)","decl":{"start":{"line":190,"column":38},"end":{"line":190,"column":39}},"loc":{"start":{"line":190,"column":45},"end":{"line":190,"column":89}},"line":190},"18":{"name":"(anonymous_18)","decl":{"start":{"line":205,"column":31},"end":{"line":205,"column":32}},"loc":{"start":{"line":205,"column":37},"end":{"line":205,"column":56}},"line":205}},"branchMap":{"0":{"loc":{"start":{"line":21,"column":16},"end":{"line":21,"column":58}},"type":"default-arg","locations":[{"start":{"line":21,"column":33},"end":{"line":21,"column":58}}],"line":21},"1":{"loc":{"start":{"line":25,"column":4},"end":{"line":27,"column":5}},"type":"if","locations":[{"start":{"line":25,"column":4},"end":{"line":27,"column":5}},{"start":{},"end":{}}],"line":25},"2":{"loc":{"start":{"line":41,"column":11},"end":{"line":41,"column":42}},"type":"binary-expr","locations":[{"start":{"line":41,"column":11},"end":{"line":41,"column":26}},{"start":{"line":41,"column":30},"end":{"line":41,"column":42}}],"line":41},"3":{"loc":{"start":{"line":45,"column":4},"end":{"line":45,"column":45}},"type":"if","locations":[{"start":{"line":45,"column":4},"end":{"line":45,"column":45}},{"start":{},"end":{}}],"line":45},"4":{"loc":{"start":{"line":49,"column":25},"end":{"line":49,"column":71}},"type":"binary-expr","locations":[{"start":{"line":49,"column":25},"end":{"line":49,"column":61}},{"start":{"line":49,"column":65},"end":{"line":49,"column":71}}],"line":49},"5":{"loc":{"start":{"line":50,"column":23},"end":{"line":50,"column":60}},"type":"cond-expr","locations":[{"start":{"line":50,"column":50},"end":{"line":50,"column":55}},{"start":{"line":50,"column":58},"end":{"line":50,"column":60}}],"line":50},"6":{"loc":{"start":{"line":57,"column":4},"end":{"line":60,"column":5}},"type":"if","locations":[{"start":{"line":57,"column":4},"end":{"line":60,"column":5}},{"start":{},"end":{}}],"line":57},"7":{"loc":{"start":{"line":65,"column":23},"end":{"line":65,"column":70}},"type":"binary-expr","locations":[{"start":{"line":65,"column":23},"end":{"line":65,"column":60}},{"start":{"line":65,"column":64},"end":{"line":65,"column":70}}],"line":65},"8":{"loc":{"start":{"line":67,"column":4},"end":{"line":71,"column":5}},"type":"if","locations":[{"start":{"line":67,"column":4},"end":{"line":71,"column":5}},{"start":{"line":69,"column":11},"end":{"line":71,"column":5}}],"line":67},"9":{"loc":{"start":{"line":84,"column":38},"end":{"line":84,"column":90}},"type":"binary-expr","locations":[{"start":{"line":84,"column":38},"end":{"line":84,"column":61}},{"start":{"line":84,"column":65},"end":{"line":84,"column":90}}],"line":84},"10":{"loc":{"start":{"line":87,"column":2},"end":{"line":89,"column":3}},"type":"if","locations":[{"start":{"line":87,"column":2},"end":{"line":89,"column":3}},{"start":{},"end":{}}],"line":87},"11":{"loc":{"start":{"line":91,"column":2},"end":{"line":100,"column":3}},"type":"if","locations":[{"start":{"line":91,"column":2},"end":{"line":100,"column":3}},{"start":{},"end":{}}],"line":91},"12":{"loc":{"start":{"line":121,"column":13},"end":{"line":130,"column":13}},"type":"cond-expr","locations":[{"start":{"line":122,"column":14},"end":{"line":125,"column":17}},{"start":{"line":127,"column":14},"end":{"line":129,"column":17}}],"line":121},"13":{"loc":{"start":{"line":135,"column":7},"end":{"line":216,"column":7}},"type":"cond-expr","locations":[{"start":{"line":136,"column":8},"end":{"line":139,"column":14}},{"start":{"line":141,"column":8},"end":{"line":215,"column":14}}],"line":135},"14":{"loc":{"start":{"line":155,"column":39},"end":{"line":155,"column":85}},"type":"binary-expr","locations":[{"start":{"line":155,"column":39},"end":{"line":155,"column":75}},{"start":{"line":155,"column":79},"end":{"line":155,"column":85}}],"line":155},"15":{"loc":{"start":{"line":156,"column":38},"end":{"line":156,"column":55}},"type":"binary-expr","locations":[{"start":{"line":156,"column":38},"end":{"line":156,"column":49}},{"start":{"line":156,"column":53},"end":{"line":156,"column":55}}],"line":156},"16":{"loc":{"start":{"line":158,"column":39},"end":{"line":158,"column":131}},"type":"cond-expr","locations":[{"start":{"line":158,"column":57},"end":{"line":158,"column":98}},{"start":{"line":158,"column":101},"end":{"line":158,"column":131}}],"line":158},"17":{"loc":{"start":{"line":162,"column":25},"end":{"line":192,"column":25}},"type":"cond-expr","locations":[{"start":{"line":163,"column":26},"end":{"line":170,"column":35}},{"start":{"line":171,"column":28},"end":{"line":192,"column":25}}],"line":162},"18":{"loc":{"start":{"line":171,"column":28},"end":{"line":192,"column":25}},"type":"cond-expr","locations":[{"start":{"line":172,"column":26},"end":{"line":184,"column":35}},{"start":{"line":186,"column":26},"end":{"line":191,"column":28}}],"line":171},"19":{"loc":{"start":{"line":171,"column":28},"end":{"line":171,"column":109}},"type":"binary-expr","locations":[{"start":{"line":171,"column":28},"end":{"line":171,"column":66}},{"start":{"line":171,"column":70},"end":{"line":171,"column":109}}],"line":171},"20":{"loc":{"start":{"line":193,"column":25},"end":{"line":197,"column":25}},"type":"binary-expr","locations":[{"start":{"line":193,"column":25},"end":{"line":193,"column":40}},{"start":{"line":194,"column":26},"end":{"line":196,"column":32}}],"line":193}},"s":{"0":0,"1":0,"2":0,"3":0,"4":0,"5":0,"6":0,"7":0,"8":0,"9":0,"10":0,"11":0,"12":0,"13":0,"14":0,"15":0,"16":0,"17":0,"18":0,"19":0,"20":0,"21":0,"22":0,"23":0,"24":0,"25":0,"26":0,"27":0,"28":0,"29":0,"30":0,"31":0,"32":0,"33":0,"34":0,"35":0,"36":0,"37":0,"38":0,"39":0,"40":0,"41":0,"42":0,"43":0,"44":0,"45":0,"46":0,"47":0,"48":0,"49":0,"50":0,"51":0,"52":0,"53":0,"54":0},"f":{"0":0,"1":0,"2":0,"3":0,"4":0,"5":0,"6":0,"7":0,"8":0,"9":0,"10":0,"11":0,"12":0,"13":0,"14":0,"15":0,"16":0,"17":0,"18":0},"b":{"0":[0],"1":[0,0],"2":[0,0],"3":[0,0],"4":[0,0],"5":[0,0],"6":[0,0],"7":[0,0],"8":[0,0],"9":[0,0],"10":[0,0],"11":[0,0],"12":[0,0],"13":[0,0],"14":[0,0],"15":[0,0],"16":[0,0],"17":[0,0],"18":[0,0],"19":[0,0],"20":[0,0]}}
,"/Users/oleksii_zlobin/Projects/epam/JSONAdminEditor/react-client/src/components/Sidebar.tsx": {"path":"/Users/oleksii_zlobin/Projects/epam/JSONAdminEditor/react-client/src/components/Sidebar.tsx","statementMap":{"0":{"start":{"line":4,"column":33},"end":{"line":72,"column":1}},"1":{"start":{"line":5,"column":54},"end":{"line":5,"column":68}},"2":{"start":{"line":6,"column":60},"end":{"line":6,"column":74}},"3":{"start":{"line":7,"column":19},"end":{"line":7,"column":32}},"4":{"start":{"line":9,"column":19},"end":{"line":9,"column":63}},"5":{"start":{"line":9,"column":37},"end":{"line":9,"column":63}},"6":{"start":{"line":10,"column":25},"end":{"line":10,"column":92}},"7":{"start":{"line":10,"column":46},"end":{"line":10,"column":92}},"8":{"start":{"line":10,"column":65},"end":{"line":10,"column":91}},"9":{"start":{"line":12,"column":2},"end":{"line":71,"column":4}},"10":{"start":{"line":19,"column":29},"end":{"line":19,"column":71}},"11":{"start":{"line":45,"column":29},"end":{"line":45,"column":77}}},"fnMap":{"0":{"name":"(anonymous_0)","decl":{"start":{"line":4,"column":33},"end":{"line":4,"column":34}},"loc":{"start":{"line":4,"column":39},"end":{"line":72,"column":1}},"line":4},"1":{"name":"(anonymous_1)","decl":{"start":{"line":9,"column":19},"end":{"line":9,"column":20}},"loc":{"start":{"line":9,"column":37},"end":{"line":9,"column":63}},"line":9},"2":{"name":"(anonymous_2)","decl":{"start":{"line":10,"column":25},"end":{"line":10,"column":26}},"loc":{"start":{"line":10,"column":46},"end":{"line":10,"column":92}},"line":10},"3":{"name":"(anonymous_3)","decl":{"start":{"line":10,"column":57},"end":{"line":10,"column":58}},"loc":{"start":{"line":10,"column":65},"end":{"line":10,"column":91}},"line":10},"4":{"name":"(anonymous_4)","decl":{"start":{"line":19,"column":23},"end":{"line":19,"column":24}},"loc":{"start":{"line":19,"column":29},"end":{"line":19,"column":71}},"line":19},"5":{"name":"(anonymous_5)","decl":{"start":{"line":45,"column":23},"end":{"line":45,"column":24}},"loc":{"start":{"line":45,"column":29},"end":{"line":45,"column":77}},"line":45}},"branchMap":{"0":{"loc":{"start":{"line":18,"column":48},"end":{"line":18,"column":148}},"type":"cond-expr","locations":[{"start":{"line":18,"column":128},"end":{"line":18,"column":143}},{"start":{"line":18,"column":146},"end":{"line":18,"column":148}}],"line":18},"1":{"loc":{"start":{"line":22,"column":46},"end":{"line":22,"column":83}},"type":"cond-expr","locations":[{"start":{"line":22,"column":67},"end":{"line":22,"column":73}},{"start":{"line":22,"column":76},"end":{"line":22,"column":83}}],"line":22},"2":{"loc":{"start":{"line":24,"column":54},"end":{"line":24,"column":86}},"type":"cond-expr","locations":[{"start":{"line":24,"column":75},"end":{"line":24,"column":81}},{"start":{"line":24,"column":84},"end":{"line":24,"column":86}}],"line":24},"3":{"loc":{"start":{"line":26,"column":55},"end":{"line":26,"column":107}},"type":"cond-expr","locations":[{"start":{"line":26,"column":94},"end":{"line":26,"column":102}},{"start":{"line":26,"column":105},"end":{"line":26,"column":107}}],"line":26},"4":{"loc":{"start":{"line":31,"column":55},"end":{"line":31,"column":101}},"type":"cond-expr","locations":[{"start":{"line":31,"column":88},"end":{"line":31,"column":96}},{"start":{"line":31,"column":99},"end":{"line":31,"column":101}}],"line":31},"5":{"loc":{"start":{"line":36,"column":55},"end":{"line":36,"column":90}},"type":"cond-expr","locations":[{"start":{"line":36,"column":77},"end":{"line":36,"column":85}},{"start":{"line":36,"column":88},"end":{"line":36,"column":90}}],"line":36},"6":{"loc":{"start":{"line":44,"column":48},"end":{"line":44,"column":129}},"type":"cond-expr","locations":[{"start":{"line":44,"column":109},"end":{"line":44,"column":124}},{"start":{"line":44,"column":127},"end":{"line":44,"column":129}}],"line":44},"7":{"loc":{"start":{"line":48,"column":46},"end":{"line":48,"column":86}},"type":"cond-expr","locations":[{"start":{"line":48,"column":70},"end":{"line":48,"column":76}},{"start":{"line":48,"column":79},"end":{"line":48,"column":86}}],"line":48},"8":{"loc":{"start":{"line":50,"column":54},"end":{"line":50,"column":89}},"type":"cond-expr","locations":[{"start":{"line":50,"column":78},"end":{"line":50,"column":84}},{"start":{"line":50,"column":87},"end":{"line":50,"column":89}}],"line":50},"9":{"loc":{"start":{"line":52,"column":55},"end":{"line":52,"column":101}},"type":"cond-expr","locations":[{"start":{"line":52,"column":88},"end":{"line":52,"column":96}},{"start":{"line":52,"column":99},"end":{"line":52,"column":101}}],"line":52},"10":{"loc":{"start":{"line":57,"column":55},"end":{"line":57,"column":99}},"type":"cond-expr","locations":[{"start":{"line":57,"column":86},"end":{"line":57,"column":94}},{"start":{"line":57,"column":97},"end":{"line":57,"column":99}}],"line":57},"11":{"loc":{"start":{"line":64,"column":38},"end":{"line":64,"column":79}},"type":"cond-expr","locations":[{"start":{"line":64,"column":66},"end":{"line":64,"column":74}},{"start":{"line":64,"column":77},"end":{"line":64,"column":79}}],"line":64}},"s":{"0":0,"1":0,"2":0,"3":0,"4":0,"5":0,"6":0,"7":0,"8":0,"9":0,"10":0,"11":0},"f":{"0":0,"1":0,"2":0,"3":0,"4":0,"5":0},"b":{"0":[0,0],"1":[0,0],"2":[0,0],"3":[0,0],"4":[0,0],"5":[0,0],"6":[0,0],"7":[0,0],"8":[0,0],"9":[0,0],"10":[0,0],"11":[0,0]}}
,"/Users/oleksii_zlobin/Projects/epam/JSONAdminEditor/react-client/src/components/Skeleton.tsx": {"path":"/Users/oleksii_zlobin/Projects/epam/JSONAdminEditor/react-client/src/components/Skeleton.tsx","statementMap":{"0":{"start":{"line":10,"column":49},"end":{"line":31,"column":1}},"1":{"start":{"line":16,"column":2},"end":{"line":16,"column":39}},"2":{"start":{"line":16,"column":16},"end":{"line":16,"column":39}},"3":{"start":{"line":18,"column":2},"end":{"line":30,"column":4}},"4":{"start":{"line":21,"column":8},"end":{"line":27,"column":14}}},"fnMap":{"0":{"name":"(anonymous_0)","decl":{"start":{"line":10,"column":49},"end":{"line":10,"column":50}},"loc":{"start":{"line":15,"column":6},"end":{"line":31,"column":1}},"line":15},"1":{"name":"(anonymous_1)","decl":{"start":{"line":20,"column":40},"end":{"line":20,"column":41}},"loc":{"start":{"line":21,"column":8},"end":{"line":27,"column":14}},"line":21}},"branchMap":{"0":{"loc":{"start":{"line":12,"column":2},"end":{"line":12,"column":10}},"type":"default-arg","locations":[{"start":{"line":12,"column":9},"end":{"line":12,"column":10}}],"line":12},"1":{"loc":{"start":{"line":13,"column":2},"end":{"line":13,"column":17}},"type":"default-arg","locations":[{"start":{"line":13,"column":11},"end":{"line":13,"column":17}}],"line":13},"2":{"loc":{"start":{"line":16,"column":2},"end":{"line":16,"column":39}},"type":"if","locations":[{"start":{"line":16,"column":2},"end":{"line":16,"column":39}},{"start":{},"end":{}}],"line":16}},"s":{"0":1,"1":4,"2":1,"3":3,"4":9},"f":{"0":4,"1":9},"b":{"0":[3],"1":[3],"2":[1,3]},"_coverageSchema":"1a1c01bbd47fc00a2c39e90264f33305004495a9","hash":"7ca88235c94d4164028ce0e9d41aaa1540eaed2d"}
,"/Users/oleksii_zlobin/Projects/epam/JSONAdminEditor/react-client/src/components/common/CustomerSelector.tsx": {"path":"/Users/oleksii_zlobin/Projects/epam/JSONAdminEditor/react-client/src/components/common/CustomerSelector.tsx","statementMap":{"0":{"start":{"line":10,"column":65},"end":{"line":33,"column":1}},"1":{"start":{"line":16,"column":2},"end":{"line":32,"column":8}},"2":{"start":{"line":24,"column":25},"end":{"line":24,"column":57}},"3":{"start":{"line":28,"column":10},"end":{"line":28,"column":69}}},"fnMap":{"0":{"name":"(anonymous_0)","decl":{"start":{"line":10,"column":65},"end":{"line":10,"column":66}},"loc":{"start":{"line":16,"column":2},"end":{"line":32,"column":8}},"line":16},"1":{"name":"(anonymous_1)","decl":{"start":{"line":24,"column":18},"end":{"line":24,"column":19}},"loc":{"start":{"line":24,"column":25},"end":{"line":24,"column":57}},"line":24},"2":{"name":"(anonymous_2)","decl":{"start":{"line":27,"column":23},"end":{"line":27,"column":24}},"loc":{"start":{"line":28,"column":10},"end":{"line":28,"column":69}},"line":28}},"branchMap":{"0":{"loc":{"start":{"line":14,"column":2},"end":{"line":14,"column":27}},"type":"default-arg","locations":[{"start":{"line":14,"column":10},"end":{"line":14,"column":27}}],"line":14}},"s":{"0":1,"1":4,"2":1,"3":12},"f":{"0":4,"1":1,"2":12},"b":{"0":[3]},"_coverageSchema":"1a1c01bbd47fc00a2c39e90264f33305004495a9","hash":"fca2de120b71ef88ae80f5ea45622e03c244169c"}
,"/Users/oleksii_zlobin/Projects/epam/JSONAdminEditor/react-client/src/components/common/PageHeader.tsx": {"path":"/Users/oleksii_zlobin/Projects/epam/JSONAdminEditor/react-client/src/components/common/PageHeader.tsx","statementMap":{"0":{"start":{"line":9,"column":53},"end":{"line":16,"column":1}},"1":{"start":{"line":10,"column":2},"end":{"line":15,"column":5}}},"fnMap":{"0":{"name":"(anonymous_0)","decl":{"start":{"line":9,"column":53},"end":{"line":9,"column":54}},"loc":{"start":{"line":10,"column":2},"end":{"line":15,"column":5}},"line":10}},"branchMap":{"0":{"loc":{"start":{"line":14,"column":5},"end":{"line":14,"column":68}},"type":"binary-expr","locations":[{"start":{"line":14,"column":5},"end":{"line":14,"column":16}},{"start":{"line":14,"column":20},"end":{"line":14,"column":68}}],"line":14}},"s":{"0":1,"1":3},"f":{"0":3},"b":{"0":[3,1]},"_coverageSchema":"1a1c01bbd47fc00a2c39e90264f33305004495a9","hash":"5a0fb630a73a53fe3398cf6d6e5741e13a0568b7"}
,"/Users/oleksii_zlobin/Projects/epam/JSONAdminEditor/react-client/src/components/common/SaveButton.tsx": {"path":"/Users/oleksii_zlobin/Projects/epam/JSONAdminEditor/react-client/src/components/common/SaveButton.tsx","statementMap":{"0":{"start":{"line":10,"column":53},"end":{"line":34,"column":1}},"1":{"start":{"line":16,"column":2},"end":{"line":33,"column":11}}},"fnMap":{"0":{"name":"(anonymous_0)","decl":{"start":{"line":10,"column":53},"end":{"line":10,"column":54}},"loc":{"start":{"line":16,"column":2},"end":{"line":33,"column":11}},"line":16}},"branchMap":{"0":{"loc":{"start":{"line":12,"column":2},"end":{"line":12,"column":17}},"type":"default-arg","locations":[{"start":{"line":12,"column":12},"end":{"line":12,"column":17}}],"line":12},"1":{"loc":{"start":{"line":13,"column":2},"end":{"line":13,"column":18}},"type":"default-arg","locations":[{"start":{"line":13,"column":13},"end":{"line":13,"column":18}}],"line":13},"2":{"loc":{"start":{"line":14,"column":2},"end":{"line":14,"column":23}},"type":"default-arg","locations":[{"start":{"line":14,"column":9},"end":{"line":14,"column":23}}],"line":14},"3":{"loc":{"start":{"line":20,"column":14},"end":{"line":20,"column":33}},"type":"binary-expr","locations":[{"start":{"line":20,"column":14},"end":{"line":20,"column":21}},{"start":{"line":20,"column":25},"end":{"line":20,"column":33}}],"line":20},"4":{"loc":{"start":{"line":22,"column":5},"end":{"line":32,"column":5}},"type":"cond-expr","locations":[{"start":{"line":23,"column":6},"end":{"line":26,"column":9}},{"start":{"line":28,"column":6},"end":{"line":31,"column":9}}],"line":22}},"s":{"0":1,"1":5},"f":{"0":5},"b":{"0":[4],"1":[4],"2":[4],"3":[5,4],"4":[1,4]},"_coverageSchema":"1a1c01bbd47fc00a2c39e90264f33305004495a9","hash":"18e90eaeceb9819e5b9536c30e2c4afd52e39c5c"}
,"/Users/oleksii_zlobin/Projects/epam/JSONAdminEditor/react-client/src/components/common/TabNavigation.tsx": {"path":"/Users/oleksii_zlobin/Projects/epam/JSONAdminEditor/react-client/src/components/common/TabNavigation.tsx","statementMap":{"0":{"start":{"line":15,"column":59},"end":{"line":28,"column":1}},"1":{"start":{"line":16,"column":2},"end":{"line":27,"column":7}},"2":{"start":{"line":18,"column":6},"end":{"line":25,"column":11}},"3":{"start":{"line":21,"column":25},"end":{"line":21,"column":44}}},"fnMap":{"0":{"name":"(anonymous_0)","decl":{"start":{"line":15,"column":59},"end":{"line":15,"column":60}},"loc":{"start":{"line":16,"column":2},"end":{"line":27,"column":7}},"line":16},"1":{"name":"(anonymous_1)","decl":{"start":{"line":17,"column":14},"end":{"line":17,"column":15}},"loc":{"start":{"line":18,"column":6},"end":{"line":25,"column":11}},"line":18},"2":{"name":"(anonymous_2)","decl":{"start":{"line":21,"column":19},"end":{"line":21,"column":20}},"loc":{"start":{"line":21,"column":25},"end":{"line":21,"column":44}},"line":21}},"branchMap":{"0":{"loc":{"start":{"line":20,"column":33},"end":{"line":20,"column":69}},"type":"cond-expr","locations":[{"start":{"line":20,"column":56},"end":{"line":20,"column":64}},{"start":{"line":20,"column":67},"end":{"line":20,"column":69}}],"line":20}},"s":{"0":1,"1":3,"2":6,"3":1},"f":{"0":3,"1":6,"2":1},"b":{"0":[3,3]},"_coverageSchema":"1a1c01bbd47fc00a2c39e90264f33305004495a9","hash":"03dae87ce5b5323bbeb6517689d232561649fc94"}
,"/Users/oleksii_zlobin/Projects/epam/JSONAdminEditor/react-client/src/components/common/index.ts": {"path":"/Users/oleksii_zlobin/Projects/epam/JSONAdminEditor/react-client/src/components/common/index.ts","statementMap":{},"fnMap":{},"branchMap":{},"s":{},"f":{},"b":{}}
,"/Users/oleksii_zlobin/Projects/epam/JSONAdminEditor/react-client/src/hooks/useContentVariableQuery.ts": {"path":"/Users/oleksii_zlobin/Projects/epam/JSONAdminEditor/react-client/src/hooks/useContentVariableQuery.ts","statementMap":{"0":{"start":{"line":4,"column":40},"end":{"line":9,"column":1}},"1":{"start":{"line":5,"column":2},"end":{"line":8,"column":5}},"2":{"start":{"line":11,"column":43},"end":{"line":20,"column":1}},"3":{"start":{"line":12,"column":22},"end":{"line":12,"column":38}},"4":{"start":{"line":14,"column":2},"end":{"line":19,"column":5}},"5":{"start":{"line":17,"column":6},"end":{"line":17,"column":72}}},"fnMap":{"0":{"name":"(anonymous_0)","decl":{"start":{"line":4,"column":40},"end":{"line":4,"column":41}},"loc":{"start":{"line":4,"column":46},"end":{"line":9,"column":1}},"line":4},"1":{"name":"(anonymous_1)","decl":{"start":{"line":11,"column":43},"end":{"line":11,"column":44}},"loc":{"start":{"line":11,"column":49},"end":{"line":20,"column":1}},"line":11},"2":{"name":"(anonymous_2)","decl":{"start":{"line":16,"column":15},"end":{"line":16,"column":16}},"loc":{"start":{"line":16,"column":21},"end":{"line":18,"column":5}},"line":16}},"branchMap":{},"s":{"0":0,"1":0,"2":0,"3":0,"4":0,"5":0},"f":{"0":0,"1":0,"2":0},"b":{}}
,"/Users/oleksii_zlobin/Projects/epam/JSONAdminEditor/react-client/src/hooks/useCustomerQuery.ts": {"path":"/Users/oleksii_zlobin/Projects/epam/JSONAdminEditor/react-client/src/hooks/useCustomerQuery.ts","statementMap":{"0":{"start":{"line":4,"column":33},"end":{"line":9,"column":1}},"1":{"start":{"line":5,"column":2},"end":{"line":8,"column":5}},"2":{"start":{"line":11,"column":38},"end":{"line":17,"column":1}},"3":{"start":{"line":12,"column":2},"end":{"line":16,"column":5}},"4":{"start":{"line":14,"column":19},"end":{"line":14,"column":64}},"5":{"start":{"line":19,"column":40},"end":{"line":25,"column":1}},"6":{"start":{"line":20,"column":2},"end":{"line":24,"column":5}},"7":{"start":{"line":22,"column":19},"end":{"line":22,"column":66}},"8":{"start":{"line":27,"column":41},"end":{"line":37,"column":1}},"9":{"start":{"line":28,"column":22},"end":{"line":28,"column":38}},"10":{"start":{"line":30,"column":2},"end":{"line":36,"column":5}},"11":{"start":{"line":32,"column":6},"end":{"line":32,"column":58}},"12":{"start":{"line":34,"column":6},"end":{"line":34,"column":82}},"13":{"start":{"line":39,"column":43},"end":{"line":49,"column":1}},"14":{"start":{"line":40,"column":22},"end":{"line":40,"column":38}},"15":{"start":{"line":42,"column":2},"end":{"line":48,"column":5}},"16":{"start":{"line":44,"column":6},"end":{"line":44,"column":60}},"17":{"start":{"line":46,"column":6},"end":{"line":46,"column":84}}},"fnMap":{"0":{"name":"(anonymous_0)","decl":{"start":{"line":4,"column":33},"end":{"line":4,"column":34}},"loc":{"start":{"line":4,"column":39},"end":{"line":9,"column":1}},"line":4},"1":{"name":"(anonymous_1)","decl":{"start":{"line":11,"column":38},"end":{"line":11,"column":39}},"loc":{"start":{"line":11,"column":62},"end":{"line":17,"column":1}},"line":11},"2":{"name":"(anonymous_2)","decl":{"start":{"line":14,"column":13},"end":{"line":14,"column":14}},"loc":{"start":{"line":14,"column":19},"end":{"line":14,"column":64}},"line":14},"3":{"name":"(anonymous_3)","decl":{"start":{"line":19,"column":40},"end":{"line":19,"column":41}},"loc":{"start":{"line":19,"column":64},"end":{"line":25,"column":1}},"line":19},"4":{"name":"(anonymous_4)","decl":{"start":{"line":22,"column":13},"end":{"line":22,"column":14}},"loc":{"start":{"line":22,"column":19},"end":{"line":22,"column":66}},"line":22},"5":{"name":"(anonymous_5)","decl":{"start":{"line":27,"column":41},"end":{"line":27,"column":42}},"loc":{"start":{"line":27,"column":47},"end":{"line":37,"column":1}},"line":27},"6":{"name":"(anonymous_6)","decl":{"start":{"line":31,"column":16},"end":{"line":31,"column":17}},"loc":{"start":{"line":32,"column":6},"end":{"line":32,"column":58}},"line":32},"7":{"name":"(anonymous_7)","decl":{"start":{"line":33,"column":15},"end":{"line":33,"column":16}},"loc":{"start":{"line":33,"column":38},"end":{"line":35,"column":5}},"line":33},"8":{"name":"(anonymous_8)","decl":{"start":{"line":39,"column":43},"end":{"line":39,"column":44}},"loc":{"start":{"line":39,"column":49},"end":{"line":49,"column":1}},"line":39},"9":{"name":"(anonymous_9)","decl":{"start":{"line":43,"column":16},"end":{"line":43,"column":17}},"loc":{"start":{"line":44,"column":6},"end":{"line":44,"column":60}},"line":44},"10":{"name":"(anonymous_10)","decl":{"start":{"line":45,"column":15},"end":{"line":45,"column":16}},"loc":{"start":{"line":45,"column":38},"end":{"line":47,"column":5}},"line":45}},"branchMap":{},"s":{"0":0,"1":0,"2":0,"3":0,"4":0,"5":0,"6":0,"7":0,"8":0,"9":0,"10":0,"11":0,"12":0,"13":0,"14":0,"15":0,"16":0,"17":0},"f":{"0":0,"1":0,"2":0,"3":0,"4":0,"5":0,"6":0,"7":0,"8":0,"9":0,"10":0},"b":{}}
,"/Users/oleksii_zlobin/Projects/epam/JSONAdminEditor/react-client/src/hooks/useDictionaryQuery.ts": {"path":"/Users/oleksii_zlobin/Projects/epam/JSONAdminEditor/react-client/src/hooks/useDictionaryQuery.ts","statementMap":{"0":{"start":{"line":5,"column":34},"end":{"line":11,"column":1}},"1":{"start":{"line":6,"column":2},"end":{"line":10,"column":5}},"2":{"start":{"line":8,"column":19},"end":{"line":8,"column":54}},"3":{"start":{"line":13,"column":37},"end":{"line":23,"column":1}},"4":{"start":{"line":14,"column":22},"end":{"line":14,"column":38}},"5":{"start":{"line":16,"column":2},"end":{"line":22,"column":5}},"6":{"start":{"line":18,"column":6},"end":{"line":18,"column":58}},"7":{"start":{"line":20,"column":6},"end":{"line":20,"column":76}},"8":{"start":{"line":25,"column":33},"end":{"line":34,"column":1}},"9":{"start":{"line":26,"column":22},"end":{"line":26,"column":38}},"10":{"start":{"line":28,"column":2},"end":{"line":33,"column":5}},"11":{"start":{"line":31,"column":6},"end":{"line":31,"column":76}},"12":{"start":{"line":36,"column":38},"end":{"line":41,"column":1}},"13":{"start":{"line":37,"column":2},"end":{"line":40,"column":5}}},"fnMap":{"0":{"name":"(anonymous_0)","decl":{"start":{"line":5,"column":34},"end":{"line":5,"column":35}},"loc":{"start":{"line":5,"column":58},"end":{"line":11,"column":1}},"line":5},"1":{"name":"(anonymous_1)","decl":{"start":{"line":8,"column":13},"end":{"line":8,"column":14}},"loc":{"start":{"line":8,"column":19},"end":{"line":8,"column":54}},"line":8},"2":{"name":"(anonymous_2)","decl":{"start":{"line":13,"column":37},"end":{"line":13,"column":38}},"loc":{"start":{"line":13,"column":43},"end":{"line":23,"column":1}},"line":13},"3":{"name":"(anonymous_3)","decl":{"start":{"line":17,"column":16},"end":{"line":17,"column":17}},"loc":{"start":{"line":18,"column":6},"end":{"line":18,"column":58}},"line":18},"4":{"name":"(anonymous_4)","decl":{"start":{"line":19,"column":15},"end":{"line":19,"column":16}},"loc":{"start":{"line":19,"column":36},"end":{"line":21,"column":5}},"line":19},"5":{"name":"(anonymous_5)","decl":{"start":{"line":25,"column":33},"end":{"line":25,"column":34}},"loc":{"start":{"line":25,"column":39},"end":{"line":34,"column":1}},"line":25},"6":{"name":"(anonymous_6)","decl":{"start":{"line":30,"column":15},"end":{"line":30,"column":16}},"loc":{"start":{"line":30,"column":36},"end":{"line":32,"column":5}},"line":30},"7":{"name":"(anonymous_7)","decl":{"start":{"line":36,"column":38},"end":{"line":36,"column":39}},"loc":{"start":{"line":36,"column":44},"end":{"line":41,"column":1}},"line":36}},"branchMap":{},"s":{"0":0,"1":0,"2":0,"3":0,"4":0,"5":0,"6":0,"7":0,"8":0,"9":0,"10":0,"11":0,"12":0,"13":0},"f":{"0":0,"1":0,"2":0,"3":0,"4":0,"5":0,"6":0,"7":0},"b":{}}
,"/Users/oleksii_zlobin/Projects/epam/JSONAdminEditor/react-client/src/hooks/useEventQuery.ts": {"path":"/Users/oleksii_zlobin/Projects/epam/JSONAdminEditor/react-client/src/hooks/useEventQuery.ts","statementMap":{"0":{"start":{"line":4,"column":37},"end":{"line":9,"column":1}},"1":{"start":{"line":5,"column":2},"end":{"line":8,"column":5}},"2":{"start":{"line":11,"column":34},"end":{"line":16,"column":1}},"3":{"start":{"line":12,"column":2},"end":{"line":15,"column":5}},"4":{"start":{"line":18,"column":33},"end":{"line":23,"column":1}},"5":{"start":{"line":19,"column":2},"end":{"line":22,"column":5}},"6":{"start":{"line":25,"column":29},"end":{"line":31,"column":1}},"7":{"start":{"line":26,"column":2},"end":{"line":30,"column":5}},"8":{"start":{"line":28,"column":19},"end":{"line":28,"column":80}},"9":{"start":{"line":33,"column":36},"end":{"line":39,"column":1}},"10":{"start":{"line":34,"column":2},"end":{"line":38,"column":5}},"11":{"start":{"line":36,"column":19},"end":{"line":36,"column":72}},"12":{"start":{"line":41,"column":32},"end":{"line":52,"column":1}},"13":{"start":{"line":42,"column":22},"end":{"line":42,"column":38}},"14":{"start":{"line":44,"column":2},"end":{"line":51,"column":5}},"15":{"start":{"line":46,"column":6},"end":{"line":46,"column":68}},"16":{"start":{"line":48,"column":6},"end":{"line":48,"column":83}},"17":{"start":{"line":49,"column":6},"end":{"line":49,"column":69}}},"fnMap":{"0":{"name":"(anonymous_0)","decl":{"start":{"line":4,"column":37},"end":{"line":4,"column":38}},"loc":{"start":{"line":4,"column":43},"end":{"line":9,"column":1}},"line":4},"1":{"name":"(anonymous_1)","decl":{"start":{"line":11,"column":34},"end":{"line":11,"column":35}},"loc":{"start":{"line":11,"column":40},"end":{"line":16,"column":1}},"line":11},"2":{"name":"(anonymous_2)","decl":{"start":{"line":18,"column":33},"end":{"line":18,"column":34}},"loc":{"start":{"line":18,"column":39},"end":{"line":23,"column":1}},"line":18},"3":{"name":"(anonymous_3)","decl":{"start":{"line":25,"column":29},"end":{"line":25,"column":30}},"loc":{"start":{"line":25,"column":71},"end":{"line":31,"column":1}},"line":25},"4":{"name":"(anonymous_4)","decl":{"start":{"line":28,"column":13},"end":{"line":28,"column":14}},"loc":{"start":{"line":28,"column":19},"end":{"line":28,"column":80}},"line":28},"5":{"name":"(anonymous_5)","decl":{"start":{"line":33,"column":36},"end":{"line":33,"column":37}},"loc":{"start":{"line":33,"column":59},"end":{"line":39,"column":1}},"line":33},"6":{"name":"(anonymous_6)","decl":{"start":{"line":36,"column":13},"end":{"line":36,"column":14}},"loc":{"start":{"line":36,"column":19},"end":{"line":36,"column":72}},"line":36},"7":{"name":"(anonymous_7)","decl":{"start":{"line":41,"column":32},"end":{"line":41,"column":33}},"loc":{"start":{"line":41,"column":38},"end":{"line":52,"column":1}},"line":41},"8":{"name":"(anonymous_8)","decl":{"start":{"line":45,"column":16},"end":{"line":45,"column":17}},"loc":{"start":{"line":46,"column":6},"end":{"line":46,"column":68}},"line":46},"9":{"name":"(anonymous_9)","decl":{"start":{"line":47,"column":15},"end":{"line":47,"column":16}},"loc":{"start":{"line":47,"column":48},"end":{"line":50,"column":5}},"line":47}},"branchMap":{},"s":{"0":0,"1":0,"2":0,"3":0,"4":0,"5":0,"6":0,"7":0,"8":0,"9":0,"10":0,"11":0,"12":0,"13":0,"14":0,"15":0,"16":0,"17":0},"f":{"0":0,"1":0,"2":0,"3":0,"4":0,"5":0,"6":0,"7":0,"8":0,"9":0},"b":{}}
,"/Users/oleksii_zlobin/Projects/epam/JSONAdminEditor/react-client/src/hooks/usePreferredCommunicationQuery.ts": {"path":"/Users/oleksii_zlobin/Projects/epam/JSONAdminEditor/react-client/src/hooks/usePreferredCommunicationQuery.ts","statementMap":{"0":{"start":{"line":4,"column":46},"end":{"line":9,"column":1}},"1":{"start":{"line":5,"column":2},"end":{"line":8,"column":5}},"2":{"start":{"line":11,"column":49},"end":{"line":20,"column":1}},"3":{"start":{"line":12,"column":22},"end":{"line":12,"column":38}},"4":{"start":{"line":14,"column":2},"end":{"line":19,"column":5}},"5":{"start":{"line":17,"column":6},"end":{"line":17,"column":78}}},"fnMap":{"0":{"name":"(anonymous_0)","decl":{"start":{"line":4,"column":46},"end":{"line":4,"column":47}},"loc":{"start":{"line":4,"column":52},"end":{"line":9,"column":1}},"line":4},"1":{"name":"(anonymous_1)","decl":{"start":{"line":11,"column":49},"end":{"line":11,"column":50}},"loc":{"start":{"line":11,"column":55},"end":{"line":20,"column":1}},"line":11},"2":{"name":"(anonymous_2)","decl":{"start":{"line":16,"column":15},"end":{"line":16,"column":16}},"loc":{"start":{"line":16,"column":21},"end":{"line":18,"column":5}},"line":16}},"branchMap":{},"s":{"0":0,"1":0,"2":0,"3":0,"4":0,"5":0},"f":{"0":0,"1":0,"2":0},"b":{}}
,"/Users/oleksii_zlobin/Projects/epam/JSONAdminEditor/react-client/src/pages/ContentVariables.tsx": {"path":"/Users/oleksii_zlobin/Projects/epam/JSONAdminEditor/react-client/src/pages/ContentVariables.tsx","statementMap":{"0":{"start":{"line":9,"column":42},"end":{"line":70,"column":1}},"1":{"start":{"line":10,"column":35},"end":{"line":10,"column":61}},"2":{"start":{"line":11,"column":23},"end":{"line":11,"column":52}},"3":{"start":{"line":12,"column":50},"end":{"line":12,"column":81}},"4":{"start":{"line":14,"column":21},"end":{"line":33,"column":3}},"5":{"start":{"line":15,"column":4},"end":{"line":15,"column":28}},"6":{"start":{"line":17,"column":4},"end":{"line":32,"column":5}},"7":{"start":{"line":18,"column":21},"end":{"line":18,"column":62}},"8":{"start":{"line":19,"column":6},"end":{"line":28,"column":7}},"9":{"start":{"line":20,"column":8},"end":{"line":20,"column":63}},"10":{"start":{"line":21,"column":8},"end":{"line":21,"column":58}},"11":{"start":{"line":23,"column":8},"end":{"line":23,"column":72}},"12":{"start":{"line":24,"column":8},"end":{"line":26,"column":9}},"13":{"start":{"line":25,"column":10},"end":{"line":25,"column":55}},"14":{"start":{"line":27,"column":8},"end":{"line":27,"column":55}},"15":{"start":{"line":30,"column":6},"end":{"line":30,"column":52}},"16":{"start":{"line":31,"column":6},"end":{"line":31,"column":73}},"17":{"start":{"line":35,"column":25},"end":{"line":42,"column":3}},"18":{"start":{"line":44,"column":2},"end":{"line":69,"column":4}},"19":{"start":{"line":63,"column":45},"end":{"line":63,"column":68}}},"fnMap":{"0":{"name":"(anonymous_0)","decl":{"start":{"line":9,"column":42},"end":{"line":9,"column":43}},"loc":{"start":{"line":9,"column":48},"end":{"line":70,"column":1}},"line":9},"1":{"name":"(anonymous_1)","decl":{"start":{"line":14,"column":21},"end":{"line":14,"column":22}},"loc":{"start":{"line":14,"column":55},"end":{"line":33,"column":3}},"line":14},"2":{"name":"(anonymous_2)","decl":{"start":{"line":63,"column":39},"end":{"line":63,"column":40}},"loc":{"start":{"line":63,"column":45},"end":{"line":63,"column":68}},"line":63}},"branchMap":{"0":{"loc":{"start":{"line":10,"column":10},"end":{"line":10,"column":19}},"type":"default-arg","locations":[{"start":{"line":10,"column":17},"end":{"line":10,"column":19}}],"line":10},"1":{"loc":{"start":{"line":19,"column":6},"end":{"line":28,"column":7}},"type":"if","locations":[{"start":{"line":19,"column":6},"end":{"line":28,"column":7}},{"start":{"line":22,"column":13},"end":{"line":28,"column":7}}],"line":19},"2":{"loc":{"start":{"line":23,"column":20},"end":{"line":23,"column":70}},"type":"binary-expr","locations":[{"start":{"line":23,"column":20},"end":{"line":23,"column":32}},{"start":{"line":23,"column":36},"end":{"line":23,"column":70}}],"line":23},"3":{"loc":{"start":{"line":24,"column":8},"end":{"line":26,"column":9}},"type":"if","locations":[{"start":{"line":24,"column":8},"end":{"line":26,"column":9}},{"start":{},"end":{}}],"line":24},"4":{"loc":{"start":{"line":57,"column":29},"end":{"line":57,"column":54}},"type":"binary-expr","locations":[{"start":{"line":57,"column":29},"end":{"line":57,"column":38}},{"start":{"line":57,"column":42},"end":{"line":57,"column":54}}],"line":57}},"s":{"0":0,"1":0,"2":0,"3":0,"4":0,"5":0,"6":0,"7":0,"8":0,"9":0,"10":0,"11":0,"12":0,"13":0,"14":0,"15":0,"16":0,"17":0,"18":0,"19":0},"f":{"0":0,"1":0,"2":0},"b":{"0":[0],"1":[0,0],"2":[0,0],"3":[0,0],"4":[0,0]}}
,"/Users/oleksii_zlobin/Projects/epam/JSONAdminEditor/react-client/src/pages/CustomerEvents.tsx": {"path":"/Users/oleksii_zlobin/Projects/epam/JSONAdminEditor/react-client/src/pages/CustomerEvents.tsx","statementMap":{"0":{"start":{"line":9,"column":40},"end":{"line":478,"column":1}},"1":{"start":{"line":10,"column":50},"end":{"line":10,"column":70}},"2":{"start":{"line":11,"column":44},"end":{"line":11,"column":64}},"3":{"start":{"line":12,"column":52},"end":{"line":12,"column":80}},"4":{"start":{"line":13,"column":36},"end":{"line":13,"column":66}},"5":{"start":{"line":14,"column":40},"end":{"line":14,"column":66}},"6":{"start":{"line":15,"column":46},"end":{"line":15,"column":75}},"7":{"start":{"line":16,"column":50},"end":{"line":16,"column":95}},"8":{"start":{"line":18,"column":35},"end":{"line":18,"column":54}},"9":{"start":{"line":19,"column":45},"end":{"line":19,"column":68}},"10":{"start":{"line":20,"column":44},"end":{"line":20,"column":63}},"11":{"start":{"line":21,"column":38},"end":{"line":21,"column":78}},"12":{"start":{"line":22,"column":23},"end":{"line":22,"column":50}},"13":{"start":{"line":24,"column":2},"end":{"line":102,"column":78}},"14":{"start":{"line":25,"column":4},"end":{"line":101,"column":5}},"15":{"start":{"line":27,"column":28},"end":{"line":31,"column":27}},"16":{"start":{"line":29,"column":12},"end":{"line":29,"column":82}},"17":{"start":{"line":34,"column":35},"end":{"line":63,"column":7}},"18":{"start":{"line":64,"column":6},"end":{"line":64,"column":29}},"19":{"start":{"line":67,"column":41},"end":{"line":86,"column":7}},"20":{"start":{"line":87,"column":6},"end":{"line":87,"column":35}},"21":{"start":{"line":90,"column":52},"end":{"line":90,"column":54}},"22":{"start":{"line":91,"column":6},"end":{"line":99,"column":7}},"23":{"start":{"line":92,"column":8},"end":{"line":98,"column":11}},"24":{"start":{"line":93,"column":10},"end":{"line":97,"column":12}},"25":{"start":{"line":100,"column":6},"end":{"line":100,"column":32}},"26":{"start":{"line":104,"column":21},"end":{"line":155,"column":3}},"27":{"start":{"line":105,"column":4},"end":{"line":105,"column":52}},"28":{"start":{"line":105,"column":45},"end":{"line":105,"column":52}},"29":{"start":{"line":107,"column":40},"end":{"line":110,"column":5}},"30":{"start":{"line":113,"column":4},"end":{"line":121,"column":7}},"31":{"start":{"line":114,"column":6},"end":{"line":120,"column":7}},"32":{"start":{"line":115,"column":8},"end":{"line":119,"column":9}},"33":{"start":{"line":116,"column":10},"end":{"line":116,"column":65}},"34":{"start":{"line":118,"column":10},"end":{"line":118,"column":54}},"35":{"start":{"line":124,"column":46},"end":{"line":124,"column":48}},"36":{"start":{"line":125,"column":4},"end":{"line":129,"column":7}},"37":{"start":{"line":126,"column":6},"end":{"line":128,"column":7}},"38":{"start":{"line":127,"column":8},"end":{"line":127,"column":53}},"39":{"start":{"line":130,"column":4},"end":{"line":132,"column":5}},"40":{"start":{"line":131,"column":6},"end":{"line":131,"column":37}},"41":{"start":{"line":135,"column":41},"end":{"line":135,"column":43}},"42":{"start":{"line":136,"column":4},"end":{"line":140,"column":7}},"43":{"start":{"line":137,"column":6},"end":{"line":139,"column":7}},"44":{"start":{"line":138,"column":8},"end":{"line":138,"column":31}},"45":{"start":{"line":141,"column":4},"end":{"line":143,"column":5}},"46":{"start":{"line":142,"column":6},"end":{"line":142,"column":39}},"47":{"start":{"line":145,"column":4},"end":{"line":154,"column":5}},"48":{"start":{"line":146,"column":22},"end":{"line":146,"column":102}},"49":{"start":{"line":147,"column":6},"end":{"line":151,"column":7}},"50":{"start":{"line":148,"column":8},"end":{"line":148,"column":79}},"51":{"start":{"line":150,"column":8},"end":{"line":150,"column":53}},"52":{"start":{"line":153,"column":6},"end":{"line":153,"column":49}},"53":{"start":{"line":157,"column":27},"end":{"line":161,"column":3}},"54":{"start":{"line":158,"column":4},"end":{"line":160,"column":7}},"55":{"start":{"line":158,"column":27},"end":{"line":160,"column":5}},"56":{"start":{"line":159,"column":6},"end":{"line":159,"column":60}},"57":{"start":{"line":163,"column":36},"end":{"line":167,"column":3}},"58":{"start":{"line":164,"column":4},"end":{"line":166,"column":7}},"59":{"start":{"line":164,"column":27},"end":{"line":166,"column":5}},"60":{"start":{"line":165,"column":6},"end":{"line":165,"column":66}},"61":{"start":{"line":169,"column":30},"end":{"line":173,"column":3}},"62":{"start":{"line":170,"column":4},"end":{"line":172,"column":7}},"63":{"start":{"line":170,"column":30},"end":{"line":172,"column":5}},"64":{"start":{"line":171,"column":6},"end":{"line":171,"column":70}},"65":{"start":{"line":175,"column":34},"end":{"line":179,"column":3}},"66":{"start":{"line":176,"column":4},"end":{"line":178,"column":7}},"67":{"start":{"line":176,"column":30},"end":{"line":178,"column":5}},"68":{"start":{"line":177,"column":6},"end":{"line":177,"column":76}},"69":{"start":{"line":181,"column":29},"end":{"line":187,"column":3}},"70":{"start":{"line":182,"column":19},"end":{"line":182,"column":42}},"71":{"start":{"line":183,"column":4},"end":{"line":186,"column":8}},"72":{"start":{"line":183,"column":33},"end":{"line":186,"column":5}},"73":{"start":{"line":189,"column":32},"end":{"line":198,"column":3}},"74":{"start":{"line":190,"column":4},"end":{"line":197,"column":7}},"75":{"start":{"line":191,"column":22},"end":{"line":191,"column":33}},"76":{"start":{"line":192,"column":6},"end":{"line":194,"column":7}},"77":{"start":{"line":193,"column":8},"end":{"line":193,"column":31}},"78":{"start":{"line":195,"column":6},"end":{"line":195,"column":65}},"79":{"start":{"line":196,"column":6},"end":{"line":196,"column":21}},"80":{"start":{"line":200,"column":32},"end":{"line":206,"column":3}},"81":{"start":{"line":201,"column":4},"end":{"line":205,"column":7}},"82":{"start":{"line":202,"column":22},"end":{"line":202,"column":33}},"83":{"start":{"line":203,"column":6},"end":{"line":203,"column":26}},"84":{"start":{"line":204,"column":6},"end":{"line":204,"column":21}},"85":{"start":{"line":208,"column":32},"end":{"line":210,"column":3}},"86":{"start":{"line":209,"column":4},"end":{"line":209,"column":69}},"87":{"start":{"line":209,"column":42},"end":{"line":209,"column":67}},"88":{"start":{"line":212,"column":15},"end":{"line":216,"column":3}},"89":{"start":{"line":218,"column":2},"end":{"line":477,"column":4}},"90":{"start":{"line":240,"column":35},"end":{"line":240,"column":67}},"91":{"start":{"line":244,"column":20},"end":{"line":244,"column":76}},"92":{"start":{"line":256,"column":39},"end":{"line":256,"column":101}},"93":{"start":{"line":308,"column":24},"end":{"line":344,"column":29}},"94":{"start":{"line":318,"column":51},"end":{"line":318,"column":105}},"95":{"start":{"line":327,"column":49},"end":{"line":327,"column":93}},"96":{"start":{"line":337,"column":49},"end":{"line":337,"column":104}},"97":{"start":{"line":371,"column":24},"end":{"line":401,"column":29}},"98":{"start":{"line":378,"column":47},"end":{"line":378,"column":100}},"99":{"start":{"line":382,"column":32},"end":{"line":384,"column":41}},"100":{"start":{"line":394,"column":49},"end":{"line":394,"column":108}},"101":{"start":{"line":433,"column":24},"end":{"line":459,"column":29}},"102":{"start":{"line":439,"column":47},"end":{"line":439,"column":101}},"103":{"start":{"line":447,"column":47},"end":{"line":447,"column":94}},"104":{"start":{"line":454,"column":45},"end":{"line":454,"column":71}}},"fnMap":{"0":{"name":"(anonymous_0)","decl":{"start":{"line":9,"column":40},"end":{"line":9,"column":41}},"loc":{"start":{"line":9,"column":46},"end":{"line":478,"column":1}},"line":9},"1":{"name":"(anonymous_1)","decl":{"start":{"line":24,"column":12},"end":{"line":24,"column":13}},"loc":{"start":{"line":24,"column":18},"end":{"line":102,"column":3}},"line":24},"2":{"name":"(anonymous_2)","decl":{"start":{"line":28,"column":33},"end":{"line":28,"column":34}},"loc":{"start":{"line":29,"column":12},"end":{"line":29,"column":82}},"line":29},"3":{"name":"(anonymous_3)","decl":{"start":{"line":92,"column":63},"end":{"line":92,"column":64}},"loc":{"start":{"line":92,"column":81},"end":{"line":98,"column":9}},"line":92},"4":{"name":"(anonymous_4)","decl":{"start":{"line":104,"column":21},"end":{"line":104,"column":22}},"loc":{"start":{"line":104,"column":33},"end":{"line":155,"column":3}},"line":104},"5":{"name":"(anonymous_5)","decl":{"start":{"line":113,"column":24},"end":{"line":113,"column":25}},"loc":{"start":{"line":113,"column":33},"end":{"line":121,"column":5}},"line":113},"6":{"name":"(anonymous_6)","decl":{"start":{"line":125,"column":27},"end":{"line":125,"column":28}},"loc":{"start":{"line":125,"column":39},"end":{"line":129,"column":5}},"line":125},"7":{"name":"(anonymous_7)","decl":{"start":{"line":136,"column":45},"end":{"line":136,"column":46}},"loc":{"start":{"line":136,"column":62},"end":{"line":140,"column":5}},"line":136},"8":{"name":"(anonymous_8)","decl":{"start":{"line":157,"column":27},"end":{"line":157,"column":28}},"loc":{"start":{"line":157,"column":65},"end":{"line":161,"column":3}},"line":157},"9":{"name":"(anonymous_9)","decl":{"start":{"line":158,"column":19},"end":{"line":158,"column":20}},"loc":{"start":{"line":158,"column":27},"end":{"line":160,"column":5}},"line":158},"10":{"name":"(anonymous_10)","decl":{"start":{"line":158,"column":36},"end":{"line":158,"column":37}},"loc":{"start":{"line":159,"column":6},"end":{"line":159,"column":60}},"line":159},"11":{"name":"(anonymous_11)","decl":{"start":{"line":163,"column":36},"end":{"line":163,"column":37}},"loc":{"start":{"line":163,"column":81},"end":{"line":167,"column":3}},"line":163},"12":{"name":"(anonymous_12)","decl":{"start":{"line":164,"column":19},"end":{"line":164,"column":20}},"loc":{"start":{"line":164,"column":27},"end":{"line":166,"column":5}},"line":164},"13":{"name":"(anonymous_13)","decl":{"start":{"line":164,"column":36},"end":{"line":164,"column":37}},"loc":{"start":{"line":165,"column":6},"end":{"line":165,"column":66}},"line":165},"14":{"name":"(anonymous_14)","decl":{"start":{"line":169,"column":30},"end":{"line":169,"column":31}},"loc":{"start":{"line":169,"column":85},"end":{"line":173,"column":3}},"line":169},"15":{"name":"(anonymous_15)","decl":{"start":{"line":170,"column":22},"end":{"line":170,"column":23}},"loc":{"start":{"line":170,"column":30},"end":{"line":172,"column":5}},"line":170},"16":{"name":"(anonymous_16)","decl":{"start":{"line":170,"column":39},"end":{"line":170,"column":40}},"loc":{"start":{"line":171,"column":6},"end":{"line":171,"column":70}},"line":171},"17":{"name":"(anonymous_17)","decl":{"start":{"line":175,"column":34},"end":{"line":175,"column":35}},"loc":{"start":{"line":175,"column":96},"end":{"line":179,"column":3}},"line":175},"18":{"name":"(anonymous_18)","decl":{"start":{"line":176,"column":22},"end":{"line":176,"column":23}},"loc":{"start":{"line":176,"column":30},"end":{"line":178,"column":5}},"line":176},"19":{"name":"(anonymous_19)","decl":{"start":{"line":176,"column":39},"end":{"line":176,"column":40}},"loc":{"start":{"line":177,"column":6},"end":{"line":177,"column":76}},"line":177},"20":{"name":"(anonymous_20)","decl":{"start":{"line":181,"column":29},"end":{"line":181,"column":30}},"loc":{"start":{"line":181,"column":35},"end":{"line":187,"column":3}},"line":181},"21":{"name":"(anonymous_21)","decl":{"start":{"line":183,"column":24},"end":{"line":183,"column":25}},"loc":{"start":{"line":183,"column":33},"end":{"line":186,"column":5}},"line":183},"22":{"name":"(anonymous_22)","decl":{"start":{"line":189,"column":32},"end":{"line":189,"column":33}},"loc":{"start":{"line":189,"column":83},"end":{"line":198,"column":3}},"line":189},"23":{"name":"(anonymous_23)","decl":{"start":{"line":190,"column":24},"end":{"line":190,"column":25}},"loc":{"start":{"line":190,"column":32},"end":{"line":197,"column":5}},"line":190},"24":{"name":"(anonymous_24)","decl":{"start":{"line":200,"column":32},"end":{"line":200,"column":33}},"loc":{"start":{"line":200,"column":49},"end":{"line":206,"column":3}},"line":200},"25":{"name":"(anonymous_25)","decl":{"start":{"line":201,"column":24},"end":{"line":201,"column":25}},"loc":{"start":{"line":201,"column":32},"end":{"line":205,"column":5}},"line":201},"26":{"name":"(anonymous_26)","decl":{"start":{"line":208,"column":32},"end":{"line":208,"column":33}},"loc":{"start":{"line":208,"column":84},"end":{"line":210,"column":3}},"line":208},"27":{"name":"(anonymous_27)","decl":{"start":{"line":209,"column":37},"end":{"line":209,"column":38}},"loc":{"start":{"line":209,"column":42},"end":{"line":209,"column":67}},"line":209},"28":{"name":"(anonymous_28)","decl":{"start":{"line":240,"column":28},"end":{"line":240,"column":29}},"loc":{"start":{"line":240,"column":35},"end":{"line":240,"column":67}},"line":240},"29":{"name":"(anonymous_29)","decl":{"start":{"line":243,"column":43},"end":{"line":243,"column":44}},"loc":{"start":{"line":244,"column":20},"end":{"line":244,"column":76}},"line":244},"30":{"name":"(anonymous_30)","decl":{"start":{"line":256,"column":32},"end":{"line":256,"column":33}},"loc":{"start":{"line":256,"column":39},"end":{"line":256,"column":101}},"line":256},"31":{"name":"(anonymous_31)","decl":{"start":{"line":307,"column":39},"end":{"line":307,"column":40}},"loc":{"start":{"line":308,"column":24},"end":{"line":344,"column":29}},"line":308},"32":{"name":"(anonymous_32)","decl":{"start":{"line":318,"column":44},"end":{"line":318,"column":45}},"loc":{"start":{"line":318,"column":51},"end":{"line":318,"column":105}},"line":318},"33":{"name":"(anonymous_33)","decl":{"start":{"line":327,"column":42},"end":{"line":327,"column":43}},"loc":{"start":{"line":327,"column":49},"end":{"line":327,"column":93}},"line":327},"34":{"name":"(anonymous_34)","decl":{"start":{"line":337,"column":42},"end":{"line":337,"column":43}},"loc":{"start":{"line":337,"column":49},"end":{"line":337,"column":104}},"line":337},"35":{"name":"(anonymous_35)","decl":{"start":{"line":370,"column":42},"end":{"line":370,"column":43}},"loc":{"start":{"line":371,"column":24},"end":{"line":401,"column":29}},"line":371},"36":{"name":"(anonymous_36)","decl":{"start":{"line":378,"column":40},"end":{"line":378,"column":41}},"loc":{"start":{"line":378,"column":47},"end":{"line":378,"column":100}},"line":378},"37":{"name":"(anonymous_37)","decl":{"start":{"line":381,"column":75},"end":{"line":381,"column":76}},"loc":{"start":{"line":382,"column":32},"end":{"line":384,"column":41}},"line":382},"38":{"name":"(anonymous_38)","decl":{"start":{"line":394,"column":42},"end":{"line":394,"column":43}},"loc":{"start":{"line":394,"column":49},"end":{"line":394,"column":108}},"line":394},"39":{"name":"(anonymous_39)","decl":{"start":{"line":432,"column":60},"end":{"line":432,"column":61}},"loc":{"start":{"line":433,"column":24},"end":{"line":459,"column":29}},"line":433},"40":{"name":"(anonymous_40)","decl":{"start":{"line":439,"column":40},"end":{"line":439,"column":41}},"loc":{"start":{"line":439,"column":47},"end":{"line":439,"column":101}},"line":439},"41":{"name":"(anonymous_41)","decl":{"start":{"line":447,"column":40},"end":{"line":447,"column":41}},"loc":{"start":{"line":447,"column":47},"end":{"line":447,"column":94}},"line":447},"42":{"name":"(anonymous_42)","decl":{"start":{"line":454,"column":39},"end":{"line":454,"column":40}},"loc":{"start":{"line":454,"column":45},"end":{"line":454,"column":71}},"line":454}},"branchMap":{"0":{"loc":{"start":{"line":18,"column":16},"end":{"line":18,"column":30}},"type":"default-arg","locations":[{"start":{"line":18,"column":28},"end":{"line":18,"column":30}}],"line":18},"1":{"loc":{"start":{"line":19,"column":16},"end":{"line":19,"column":40}},"type":"default-arg","locations":[{"start":{"line":19,"column":38},"end":{"line":19,"column":40}}],"line":19},"2":{"loc":{"start":{"line":20,"column":16},"end":{"line":20,"column":39}},"type":"default-arg","locations":[{"start":{"line":20,"column":37},"end":{"line":20,"column":39}}],"line":20},"3":{"loc":{"start":{"line":25,"column":4},"end":{"line":101,"column":5}},"type":"if","locations":[{"start":{"line":25,"column":4},"end":{"line":101,"column":5}},{"start":{},"end":{}}],"line":25},"4":{"loc":{"start":{"line":25,"column":8},"end":{"line":25,"column":41}},"type":"binary-expr","locations":[{"start":{"line":25,"column":8},"end":{"line":25,"column":21}},{"start":{"line":25,"column":25},"end":{"line":25,"column":41}}],"line":25},"5":{"loc":{"start":{"line":27,"column":28},"end":{"line":31,"column":27}},"type":"cond-expr","locations":[{"start":{"line":28,"column":10},"end":{"line":30,"column":11}},{"start":{"line":31,"column":10},"end":{"line":31,"column":27}}],"line":27},"6":{"loc":{"start":{"line":29,"column":12},"end":{"line":29,"column":82}},"type":"binary-expr","locations":[{"start":{"line":29,"column":12},"end":{"line":29,"column":41}},{"start":{"line":29,"column":45},"end":{"line":29,"column":82}}],"line":29},"7":{"loc":{"start":{"line":37,"column":17},"end":{"line":37,"column":67}},"type":"binary-expr","locations":[{"start":{"line":37,"column":17},"end":{"line":37,"column":37}},{"start":{"line":37,"column":41},"end":{"line":37,"column":67}}],"line":37},"8":{"loc":{"start":{"line":44,"column":17},"end":{"line":44,"column":67}},"type":"binary-expr","locations":[{"start":{"line":44,"column":17},"end":{"line":44,"column":37}},{"start":{"line":44,"column":41},"end":{"line":44,"column":67}}],"line":44},"9":{"loc":{"start":{"line":51,"column":17},"end":{"line":51,"column":48}},"type":"binary-expr","locations":[{"start":{"line":51,"column":17},"end":{"line":51,"column":36}},{"start":{"line":51,"column":40},"end":{"line":51,"column":48}}],"line":51},"10":{"loc":{"start":{"line":58,"column":17},"end":{"line":58,"column":63}},"type":"cond-expr","locations":[{"start":{"line":58,"column":47},"end":{"line":58,"column":53}},{"start":{"line":58,"column":56},"end":{"line":58,"column":63}}],"line":58},"11":{"loc":{"start":{"line":70,"column":17},"end":{"line":70,"column":54}},"type":"binary-expr","locations":[{"start":{"line":70,"column":17},"end":{"line":70,"column":48}},{"start":{"line":70,"column":52},"end":{"line":70,"column":54}}],"line":70},"12":{"loc":{"start":{"line":76,"column":17},"end":{"line":76,"column":52}},"type":"binary-expr","locations":[{"start":{"line":76,"column":17},"end":{"line":76,"column":46}},{"start":{"line":76,"column":50},"end":{"line":76,"column":52}}],"line":76},"13":{"loc":{"start":{"line":82,"column":17},"end":{"line":82,"column":54}},"type":"binary-expr","locations":[{"start":{"line":82,"column":17},"end":{"line":82,"column":48}},{"start":{"line":82,"column":52},"end":{"line":82,"column":54}}],"line":82},"14":{"loc":{"start":{"line":91,"column":6},"end":{"line":99,"column":7}},"type":"if","locations":[{"start":{"line":91,"column":6},"end":{"line":99,"column":7}},{"start":{},"end":{}}],"line":91},"15":{"loc":{"start":{"line":105,"column":4},"end":{"line":105,"column":52}},"type":"if","locations":[{"start":{"line":105,"column":4},"end":{"line":105,"column":52}},{"start":{},"end":{}}],"line":105},"16":{"loc":{"start":{"line":105,"column":8},"end":{"line":105,"column":43}},"type":"binary-expr","locations":[{"start":{"line":105,"column":8},"end":{"line":105,"column":25}},{"start":{"line":105,"column":29},"end":{"line":105,"column":43}}],"line":105},"17":{"loc":{"start":{"line":114,"column":6},"end":{"line":120,"column":7}},"type":"if","locations":[{"start":{"line":114,"column":6},"end":{"line":120,"column":7}},{"start":{},"end":{}}],"line":114},"18":{"loc":{"start":{"line":115,"column":8},"end":{"line":119,"column":9}},"type":"if","locations":[{"start":{"line":115,"column":8},"end":{"line":119,"column":9}},{"start":{"line":117,"column":15},"end":{"line":119,"column":9}}],"line":115},"19":{"loc":{"start":{"line":126,"column":6},"end":{"line":128,"column":7}},"type":"if","locations":[{"start":{"line":126,"column":6},"end":{"line":128,"column":7}},{"start":{},"end":{}}],"line":126},"20":{"loc":{"start":{"line":130,"column":4},"end":{"line":132,"column":5}},"type":"if","locations":[{"start":{"line":130,"column":4},"end":{"line":132,"column":5}},{"start":{},"end":{}}],"line":130},"21":{"loc":{"start":{"line":137,"column":6},"end":{"line":139,"column":7}},"type":"if","locations":[{"start":{"line":137,"column":6},"end":{"line":139,"column":7}},{"start":{},"end":{}}],"line":137},"22":{"loc":{"start":{"line":137,"column":10},"end":{"line":137,"column":47}},"type":"binary-expr","locations":[{"start":{"line":137,"column":10},"end":{"line":137,"column":26}},{"start":{"line":137,"column":30},"end":{"line":137,"column":47}}],"line":137},"23":{"loc":{"start":{"line":141,"column":4},"end":{"line":143,"column":5}},"type":"if","locations":[{"start":{"line":141,"column":4},"end":{"line":143,"column":5}},{"start":{},"end":{}}],"line":141},"24":{"loc":{"start":{"line":147,"column":6},"end":{"line":151,"column":7}},"type":"if","locations":[{"start":{"line":147,"column":6},"end":{"line":151,"column":7}},{"start":{"line":149,"column":13},"end":{"line":151,"column":7}}],"line":147},"25":{"loc":{"start":{"line":159,"column":6},"end":{"line":159,"column":60}},"type":"cond-expr","locations":[{"start":{"line":159,"column":33},"end":{"line":159,"column":52}},{"start":{"line":159,"column":55},"end":{"line":159,"column":60}}],"line":159},"26":{"loc":{"start":{"line":165,"column":6},"end":{"line":165,"column":66}},"type":"cond-expr","locations":[{"start":{"line":165,"column":33},"end":{"line":165,"column":58}},{"start":{"line":165,"column":61},"end":{"line":165,"column":66}}],"line":165},"27":{"loc":{"start":{"line":171,"column":6},"end":{"line":171,"column":70}},"type":"cond-expr","locations":[{"start":{"line":171,"column":37},"end":{"line":171,"column":59}},{"start":{"line":171,"column":62},"end":{"line":171,"column":70}}],"line":171},"28":{"loc":{"start":{"line":177,"column":6},"end":{"line":177,"column":76}},"type":"cond-expr","locations":[{"start":{"line":177,"column":37},"end":{"line":177,"column":65}},{"start":{"line":177,"column":68},"end":{"line":177,"column":76}}],"line":177},"29":{"loc":{"start":{"line":192,"column":6},"end":{"line":194,"column":7}},"type":"if","locations":[{"start":{"line":192,"column":6},"end":{"line":194,"column":7}},{"start":{},"end":{}}],"line":192},"30":{"loc":{"start":{"line":229,"column":7},"end":{"line":265,"column":7}},"type":"binary-expr","locations":[{"start":{"line":229,"column":7},"end":{"line":229,"column":23}},{"start":{"line":230,"column":8},"end":{"line":264,"column":14}}],"line":229},"31":{"loc":{"start":{"line":256,"column":60},"end":{"line":256,"column":100}},"type":"cond-expr","locations":[{"start":{"line":256,"column":79},"end":{"line":256,"column":87}},{"start":{"line":256,"column":90},"end":{"line":256,"column":100}}],"line":256},"32":{"loc":{"start":{"line":268,"column":7},"end":{"line":475,"column":7}},"type":"binary-expr","locations":[{"start":{"line":268,"column":7},"end":{"line":268,"column":23}},{"start":{"line":268,"column":27},"end":{"line":268,"column":40}},{"start":{"line":269,"column":8},"end":{"line":474,"column":14}}],"line":268},"33":{"loc":{"start":{"line":290,"column":13},"end":{"line":350,"column":13}},"type":"binary-expr","locations":[{"start":{"line":290,"column":13},"end":{"line":290,"column":39}},{"start":{"line":291,"column":14},"end":{"line":349,"column":20}}],"line":290},"34":{"loc":{"start":{"line":311,"column":29},"end":{"line":329,"column":29}},"type":"cond-expr","locations":[{"start":{"line":312,"column":30},"end":{"line":320,"column":36}},{"start":{"line":322,"column":30},"end":{"line":328,"column":32}}],"line":311},"35":{"loc":{"start":{"line":342,"column":58},"end":{"line":342,"column":82}},"type":"binary-expr","locations":[{"start":{"line":342,"column":58},"end":{"line":342,"column":75}},{"start":{"line":342,"column":79},"end":{"line":342,"column":82}}],"line":342},"36":{"loc":{"start":{"line":353,"column":13},"end":{"line":407,"column":13}},"type":"binary-expr","locations":[{"start":{"line":353,"column":13},"end":{"line":353,"column":38}},{"start":{"line":354,"column":14},"end":{"line":406,"column":20}}],"line":353},"37":{"loc":{"start":{"line":399,"column":58},"end":{"line":399,"column":85}},"type":"binary-expr","locations":[{"start":{"line":399,"column":58},"end":{"line":399,"column":78}},{"start":{"line":399,"column":82},"end":{"line":399,"column":85}}],"line":399},"38":{"loc":{"start":{"line":410,"column":13},"end":{"line":472,"column":13}},"type":"binary-expr","locations":[{"start":{"line":410,"column":13},"end":{"line":410,"column":46}},{"start":{"line":411,"column":14},"end":{"line":471,"column":20}}],"line":410},"39":{"loc":{"start":{"line":461,"column":23},"end":{"line":467,"column":23}},"type":"binary-expr","locations":[{"start":{"line":461,"column":23},"end":{"line":461,"column":65}},{"start":{"line":462,"column":24},"end":{"line":466,"column":29}}],"line":461}},"s":{"0":0,"1":0,"2":0,"3":0,"4":0,"5":0,"6":0,"7":0,"8":0,"9":0,"10":0,"11":0,"12":0,"13":0,"14":0,"15":0,"16":0,"17":0,"18":0,"19":0,"20":0,"21":0,"22":0,"23":0,"24":0,"25":0,"26":0,"27":0,"28":0,"29":0,"30":0,"31":0,"32":0,"33":0,"34":0,"35":0,"36":0,"37":0,"38":0,"39":0,"40":0,"41":0,"42":0,"43":0,"44":0,"45":0,"46":0,"47":0,"48":0,"49":0,"50":0,"51":0,"52":0,"53":0,"54":0,"55":0,"56":0,"57":0,"58":0,"59":0,"60":0,"61":0,"62":0,"63":0,"64":0,"65":0,"66":0,"67":0,"68":0,"69":0,"70":0,"71":0,"72":0,"73":0,"74":0,"75":0,"76":0,"77":0,"78":0,"79":0,"80":0,"81":0,"82":0,"83":0,"84":0,"85":0,"86":0,"87":0,"88":0,"89":0,"90":0,"91":0,"92":0,"93":0,"94":0,"95":0,"96":0,"97":0,"98":0,"99":0,"100":0,"101":0,"102":0,"103":0,"104":0},"f":{"0":0,"1":0,"2":0,"3":0,"4":0,"5":0,"6":0,"7":0,"8":0,"9":0,"10":0,"11":0,"12":0,"13":0,"14":0,"15":0,"16":0,"17":0,"18":0,"19":0,"20":0,"21":0,"22":0,"23":0,"24":0,"25":0,"26":0,"27":0,"28":0,"29":0,"30":0,"31":0,"32":0,"33":0,"34":0,"35":0,"36":0,"37":0,"38":0,"39":0,"40":0,"41":0,"42":0},"b":{"0":[0],"1":[0],"2":[0],"3":[0,0],"4":[0,0],"5":[0,0],"6":[0,0],"7":[0,0],"8":[0,0],"9":[0,0],"10":[0,0],"11":[0,0],"12":[0,0],"13":[0,0],"14":[0,0],"15":[0,0],"16":[0,0],"17":[0,0],"18":[0,0],"19":[0,0],"20":[0,0],"21":[0,0],"22":[0,0],"23":[0,0],"24":[0,0],"25":[0,0],"26":[0,0],"27":[0,0],"28":[0,0],"29":[0,0],"30":[0,0],"31":[0,0],"32":[0,0,0],"33":[0,0],"34":[0,0],"35":[0,0],"36":[0,0],"37":[0,0],"38":[0,0],"39":[0,0]}}
[...]
ne":12,"column":81}},"4":{"start":{"line":14,"column":22},"end":{"line":14,"column":88}},"5":{"start":{"line":15,"column":22},"end":{"line":21,"column":3}},"6":{"start":{"line":27,"column":21},"end":{"line":47,"column":3}},"7":{"start":{"line":28,"column":4},"end":{"line":28,"column":28}},"8":{"start":{"line":30,"column":4},"end":{"line":46,"column":5}},"9":{"start":{"line":31,"column":21},"end":{"line":31,"column":62}},"10":{"start":{"line":32,"column":6},"end":{"line":41,"column":7}},"11":{"start":{"line":33,"column":8},"end":{"line":33,"column":78}},"12":{"start":{"line":34,"column":8},"end":{"line":34,"column":58}},"13":{"start":{"line":36,"column":8},"end":{"line":36,"column":78}},"14":{"start":{"line":37,"column":8},"end":{"line":39,"column":9}},"15":{"start":{"line":38,"column":10},"end":{"line":38,"column":55}},"16":{"start":{"line":40,"column":8},"end":{"line":40,"column":55}},"17":{"start":{"line":43,"column":27},"end":{"line":43,"column":65}},"18":{"start":{"line":44,"column":6},"end":{"line":44,"column":32}},"19":{"start":{"line":45,"column":6},"end":{"line":45,"column":53}},"20":{"start":{"line":49,"column":25},"end":{"line":56,"column":3}},"21":{"start":{"line":58,"column":2},"end":{"line":87,"column":4}},"22":{"start":{"line":81,"column":45},"end":{"line":81,"column":68}}},"fnMap":{"0":{"name":"(anonymous_0)","decl":{"start":{"line":8,"column":48},"end":{"line":8,"column":49}},"loc":{"start":{"line":8,"column":54},"end":{"line":88,"column":1}},"line":8},"1":{"name":"(anonymous_1)","decl":{"start":{"line":27,"column":21},"end":{"line":27,"column":22}},"loc":{"start":{"line":27,"column":65},"end":{"line":47,"column":3}},"line":27},"2":{"name":"(anonymous_2)","decl":{"start":{"line":81,"column":39},"end":{"line":81,"column":40}},"loc":{"start":{"line":81,"column":45},"end":{"line":81,"column":68}},"line":81}},"branchMap":{"0":{"loc":{"start":{"line":9,"column":10},"end":{"line":9,"column":19}},"type":"default-arg","locations":[{"start":{"line":9,"column":17},"end":{"line":9,"column":19}}],"line":9},"1":{"loc":{"start":{"line":32,"column":6},"end":{"line":41,"column":7}},"type":"if","locations":[{"start":{"line":32,"column":6},"end":{"line":41,"column":7}},{"start":{"line":35,"column":13},"end":{"line":41,"column":7}}],"line":32},"2":{"loc":{"start":{"line":36,"column":20},"end":{"line":36,"column":76}},"type":"binary-expr","locations":[{"start":{"line":36,"column":20},"end":{"line":36,"column":32}},{"start":{"line":36,"column":36},"end":{"line":36,"column":76}}],"line":36},"3":{"loc":{"start":{"line":37,"column":8},"end":{"line":39,"column":9}},"type":"if","locations":[{"start":{"line":37,"column":8},"end":{"line":39,"column":9}},{"start":{},"end":{}}],"line":37},"4":{"loc":{"start":{"line":75,"column":29},"end":{"line":75,"column":54}},"type":"binary-expr","locations":[{"start":{"line":75,"column":29},"end":{"line":75,"column":38}},{"start":{"line":75,"column":42},"end":{"line":75,"column":54}}],"line":75}},"s":{"0":0,"1":0,"2":0,"3":0,"4":0,"5":0,"6":0,"7":0,"8":0,"9":0,"10":0,"11":0,"12":0,"13":0,"14":0,"15":0,"16":0,"17":0,"18":0,"19":0,"20":0,"21":0,"22":0},"f":{"0":0,"1":0,"2":0},"b":{"0":[0],"1":[0,0],"2":[0,0],"3":[0,0],"4":[0,0]}}
,"/Users/oleksii_zlobin/Projects/epam/JSONAdminEditor/react-client/src/services/contentVariableService.ts": {"path":"/Users/oleksii_zlobin/Projects/epam/JSONAdminEditor/react-client/src/services/contentVariableService.ts","statementMap":{"0":{"start":{"line":4,"column":12},"end":{"line":7,"column":2}},"1":{"start":{"line":9,"column":38},"end":{"line":19,"column":1}},"2":{"start":{"line":11,"column":21},"end":{"line":11,"column":39}},"3":{"start":{"line":12,"column":4},"end":{"line":12,"column":25}},"4":{"start":{"line":16,"column":21},"end":{"line":16,"column":54}},"5":{"start":{"line":17,"column":4},"end":{"line":17,"column":25}}},"fnMap":{"0":{"name":"(anonymous_0)","decl":{"start":{"line":10,"column":23},"end":{"line":10,"column":24}},"loc":{"start":{"line":10,"column":57},"end":{"line":13,"column":3}},"line":10},"1":{"name":"(anonymous_1)","decl":{"start":{"line":15,"column":24},"end":{"line":15,"column":25}},"loc":{"start":{"line":15,"column":75},"end":{"line":18,"column":3}},"line":15}},"branchMap":{},"s":{"0":0,"1":0,"2":0,"3":0,"4":0,"5":0},"f":{"0":0,"1":0},"b":{}}
,"/Users/oleksii_zlobin/Projects/epam/JSONAdminEditor/react-client/src/services/customerService.ts": {"path":"/Users/oleksii_zlobin/Projects/epam/JSONAdminEditor/react-client/src/services/customerService.ts","statementMap":{"0":{"start":{"line":3,"column":12},"end":{"line":6,"column":2}},"1":{"start":{"line":8,"column":31},"end":{"line":33,"column":1}},"2":{"start":{"line":10,"column":21},"end":{"line":10,"column":39}},"3":{"start":{"line":11,"column":4},"end":{"line":11,"column":25}},"4":{"start":{"line":15,"column":21},"end":{"line":15,"column":59}},"5":{"start":{"line":16,"column":4},"end":{"line":16,"column":25}},"6":{"start":{"line":20,"column":21},"end":{"line":20,"column":66}},"7":{"start":{"line":21,"column":4},"end":{"line":21,"column":33}},"8":{"start":{"line":25,"column":21},"end":{"line":25,"column":61}},"9":{"start":{"line":26,"column":4},"end":{"line":26,"column":25}},"10":{"start":{"line":30,"column":21},"end":{"line":30,"column":68}},"11":{"start":{"line":31,"column":4},"end":{"line":31,"column":33}}},"fnMap":{"0":{"name":"(anonymous_0)","decl":{"start":{"line":9,"column":16},"end":{"line":9,"column":17}},"loc":{"start":{"line":9,"column":47},"end":{"line":12,"column":3}},"line":9},"1":{"name":"(anonymous_1)","decl":{"start":{"line":14,"column":21},"end":{"line":14,"column":22}},"loc":{"start":{"line":14,"column":65},"end":{"line":17,"column":3}},"line":14},"2":{"name":"(anonymous_2)","decl":{"start":{"line":19,"column":22},"end":{"line":19,"column":23}},"loc":{"start":{"line":19,"column":81},"end":{"line":22,"column":3}},"line":19},"3":{"name":"(anonymous_3)","decl":{"start":{"line":24,"column":23},"end":{"line":24,"column":24}},"loc":{"start":{"line":24,"column":67},"end":{"line":27,"column":3}},"line":24},"4":{"name":"(anonymous_4)","decl":{"start":{"line":29,"column":24},"end":{"line":29,"column":25}},"loc":{"start":{"line":29,"column":83},"end":{"line":32,"column":3}},"line":29}},"branchMap":{},"s":{"0":0,"1":0,"2":0,"3":0,"4":0,"5":0,"6":0,"7":0,"8":0,"9":0,"10":0,"11":0},"f":{"0":0,"1":0,"2":0,"3":0,"4":0},"b":{}}
,"/Users/oleksii_zlobin/Projects/epam/JSONAdminEditor/react-client/src/services/dictionaryService.ts": {"path":"/Users/oleksii_zlobin/Projects/epam/JSONAdminEditor/react-client/src/services/dictionaryService.ts","statementMap":{"0":{"start":{"line":4,"column":12},"end":{"line":7,"column":2}},"1":{"start":{"line":9,"column":33},"end":{"line":53,"column":1}},"2":{"start":{"line":11,"column":21},"end":{"line":11,"column":77}},"3":{"start":{"line":12,"column":4},"end":{"line":12,"column":25}},"4":{"start":{"line":16,"column":21},"end":{"line":16,"column":35}},"5":{"start":{"line":17,"column":4},"end":{"line":17,"column":42}},"6":{"start":{"line":18,"column":4},"end":{"line":18,"column":58}},"7":{"start":{"line":19,"column":4},"end":{"line":19,"column":53}},"8":{"start":{"line":20,"column":21},"end":{"line":22,"column":6}},"9":{"start":{"line":23,"column":4},"end":{"line":23,"column":25}},"10":{"start":{"line":27,"column":21},"end":{"line":27,"column":35}},"11":{"start":{"line":28,"column":4},"end":{"line":28,"column":67}},"12":{"start":{"line":29,"column":4},"end":{"line":29,"column":70}},"13":{"start":{"line":30,"column":4},"end":{"line":32,"column":5}},"14":{"start":{"line":31,"column":6},"end":{"line":31,"column":58}},"15":{"start":{"line":33,"column":21},"end":{"line":35,"column":6}},"16":{"start":{"line":36,"column":4},"end":{"line":36,"column":25}},"17":{"start":{"line":40,"column":4},"end":{"line":50,"column":5}},"18":{"start":{"line":41,"column":23},"end":{"line":41,"column":69}},"19":{"start":{"line":42,"column":6},"end":{"line":47,"column":7}},"20":{"start":{"line":43,"column":8},"end":{"line":46,"column":57}},"21":{"start":{"line":44,"column":38},"end":{"line":44,"column":92}},"22":{"start":{"line":45,"column":35},"end":{"line":45,"column":64}},"23":{"start":{"line":46,"column":36},"end":{"line":46,"column":55}},"24":{"start":{"line":49,"column":6},"end":{"line":49,"column":61}},"25":{"start":{"line":51,"column":4},"end":{"line":51,"column":37}}},"fnMap":{"0":{"name":"(anonymous_0)","decl":{"start":{"line":10,"column":11},"end":{"line":10,"column":12}},"loc":{"start":{"line":10,"column":79},"end":{"line":13,"column":3}},"line":10},"1":{"name":"(anonymous_1)","decl":{"start":{"line":15,"column":8},"end":{"line":15,"column":9}},"loc":{"start":{"line":15,"column":101},"end":{"line":24,"column":3}},"line":15},"2":{"name":"(anonymous_2)","decl":{"start":{"line":26,"column":10},"end":{"line":26,"column":11}},"loc":{"start":{"line":26,"column":69},"end":{"line":37,"column":3}},"line":26},"3":{"name":"(anonymous_3)","decl":{"start":{"line":39,"column":21},"end":{"line":39,"column":22}},"loc":{"start":{"line":39,"column":52},"end":{"line":52,"column":3}},"line":39},"4":{"name":"(anonymous_4)","decl":{"start":{"line":44,"column":18},"end":{"line":44,"column":19}},"loc":{"start":{"line":44,"column":38},"end":{"line":44,"column":92}},"line":44},"5":{"name":"(anonymous_5)","decl":{"start":{"line":45,"column":15},"end":{"line":45,"column":16}},"loc":{"start":{"line":45,"column":35},"end":{"line":45,"column":64}},"line":45},"6":{"name":"(anonymous_6)","decl":{"start":{"line":46,"column":18},"end":{"line":46,"column":19}},"loc":{"start":{"line":46,"column":36},"end":{"line":46,"column":55}},"line":46}},"branchMap":{"0":{"loc":{"start":{"line":29,"column":43},"end":{"line":29,"column":68}},"type":"binary-expr","locations":[{"start":{"line":29,"column":43},"end":{"line":29,"column":62}},{"start":{"line":29,"column":66},"end":{"line":29,"column":68}}],"line":29},"1":{"loc":{"start":{"line":30,"column":4},"end":{"line":32,"column":5}},"type":"if","locations":[{"start":{"line":30,"column":4},"end":{"line":32,"column":5}},{"start":{},"end":{}}],"line":30},"2":{"loc":{"start":{"line":42,"column":6},"end":{"line":47,"column":7}},"type":"if","locations":[{"start":{"line":42,"column":6},"end":{"line":47,"column":7}},{"start":{},"end":{}}],"line":42},"3":{"loc":{"start":{"line":42,"column":10},"end":{"line":42,"column":64}},"type":"binary-expr","locations":[{"start":{"line":42,"column":10},"end":{"line":42,"column":31}},{"start":{"line":42,"column":35},"end":{"line":42,"column":64}}],"line":42},"4":{"loc":{"start":{"line":44,"column":38},"end":{"line":44,"column":92}},"type":"binary-expr","locations":[{"start":{"line":44,"column":38},"end":{"line":44,"column":62}},{"start":{"line":44,"column":66},"end":{"line":44,"column":92}}],"line":44},"5":{"loc":{"start":{"line":46,"column":36},"end":{"line":46,"column":55}},"type":"binary-expr","locations":[{"start":{"line":46,"column":36},"end":{"line":46,"column":40}},{"start":{"line":46,"column":44},"end":{"line":46,"column":55}}],"line":46}},"s":{"0":0,"1":0,"2":0,"3":0,"4":0,"5":0,"6":0,"7":0,"8":0,"9":0,"10":0,"11":0,"12":0,"13":0,"14":0,"15":0,"16":0,"17":0,"18":0,"19":0,"20":0,"21":0,"22":0,"23":0,"24":0,"25":0},"f":{"0":0,"1":0,"2":0,"3":0,"4":0,"5":0,"6":0},"b":{"0":[0,0],"1":[0,0],"2":[0,0],"3":[0,0],"4":[0,0],"5":[0,0]}}
,"/Users/oleksii_zlobin/Projects/epam/JSONAdminEditor/react-client/src/services/eventService.ts": {"path":"/Users/oleksii_zlobin/Projects/epam/JSONAdminEditor/react-client/src/services/eventService.ts","statementMap":{"0":{"start":{"line":4,"column":12},"end":{"line":7,"column":2}},"1":{"start":{"line":9,"column":28},"end":{"line":49,"column":1}},"2":{"start":{"line":11,"column":21},"end":{"line":11,"column":47}},"3":{"start":{"line":12,"column":4},"end":{"line":12,"column":25}},"4":{"start":{"line":16,"column":21},"end":{"line":16,"column":50}},"5":{"start":{"line":17,"column":4},"end":{"line":17,"column":25}},"6":{"start":{"line":21,"column":21},"end":{"line":21,"column":48}},"7":{"start":{"line":22,"column":4},"end":{"line":22,"column":25}},"8":{"start":{"line":26,"column":21},"end":{"line":26,"column":81}},"9":{"start":{"line":27,"column":4},"end":{"line":27,"column":25}},"10":{"start":{"line":31,"column":21},"end":{"line":31,"column":89}},"11":{"start":{"line":32,"column":4},"end":{"line":32,"column":25}},"12":{"start":{"line":36,"column":21},"end":{"line":36,"column":47}},"13":{"start":{"line":37,"column":4},"end":{"line":37,"column":25}},"14":{"start":{"line":41,"column":21},"end":{"line":46,"column":6}},"15":{"start":{"line":47,"column":4},"end":{"line":47,"column":33}}},"fnMap":{"0":{"name":"(anonymous_0)","decl":{"start":{"line":10,"column":26},"end":{"line":10,"column":27}},"loc":{"start":{"line":10,"column":57},"end":{"line":13,"column":3}},"line":10},"1":{"name":"(anonymous_1)","decl":{"start":{"line":15,"column":26},"end":{"line":15,"column":27}},"loc":{"start":{"line":15,"column":57},"end":{"line":18,"column":3}},"line":15},"2":{"name":"(anonymous_2)","decl":{"start":{"line":20,"column":25},"end":{"line":20,"column":26}},"loc":{"start":{"line":20,"column":58},"end":{"line":23,"column":3}},"line":20},"3":{"name":"(anonymous_3)","decl":{"start":{"line":25,"column":33},"end":{"line":25,"column":34}},"loc":{"start":{"line":25,"column":80},"end":{"line":28,"column":3}},"line":25},"4":{"name":"(anonymous_4)","decl":{"start":{"line":30,"column":30},"end":{"line":30,"column":31}},"loc":{"start":{"line":30,"column":92},"end":{"line":33,"column":3}},"line":30},"5":{"name":"(anonymous_5)","decl":{"start":{"line":35,"column":20},"end":{"line":35,"column":21}},"loc":{"start":{"line":35,"column":46},"end":{"line":38,"column":3}},"line":35},"6":{"name":"(anonymous_6)","decl":{"start":{"line":40,"column":13},"end":{"line":40,"column":14}},"loc":{"start":{"line":40,"column":111},"end":{"line":48,"column":3}},"line":40}},"branchMap":{},"s":{"0":0,"1":0,"2":0,"3":0,"4":0,"5":0,"6":0,"7":0,"8":0,"9":0,"10":0,"11":0,"12":0,"13":0,"14":0,"15":0},"f":{"0":0,"1":0,"2":0,"3":0,"4":0,"5":0,"6":0},"b":{}}
,"/Users/oleksii_zlobin/Projects/epam/JSONAdminEditor/react-client/src/services/index.ts": {"path":"/Users/oleksii_zlobin/Projects/epam/JSONAdminEditor/react-client/src/services/index.ts","statementMap":{},"fnMap":{},"branchMap":{},"s":{},"f":{},"b":{}}
,"/Users/oleksii_zlobin/Projects/epam/JSONAdminEditor/react-client/src/services/preferredCommunicationService.ts": {"path":"/Users/oleksii_zlobin/Projects/epam/JSONAdminEditor/react-client/src/services/preferredCommunicationService.ts","statementMap":{"0":{"start":{"line":4,"column":12},"end":{"line":7,"column":2}},"1":{"start":{"line":9,"column":45},"end":{"line":19,"column":1}},"2":{"start":{"line":11,"column":21},"end":{"line":11,"column":39}},"3":{"start":{"line":12,"column":4},"end":{"line":12,"column":25}},"4":{"start":{"line":16,"column":21},"end":{"line":16,"column":54}},"5":{"start":{"line":17,"column":4},"end":{"line":17,"column":25}}},"fnMap":{"0":{"name":"(anonymous_0)","decl":{"start":{"line":10,"column":29},"end":{"line":10,"column":30}},"loc":{"start":{"line":10,"column":73},"end":{"line":13,"column":3}},"line":10},"1":{"name":"(anonymous_1)","decl":{"start":{"line":15,"column":30},"end":{"line":15,"column":31}},"loc":{"start":{"line":15,"column":91},"end":{"line":18,"column":3}},"line":15}},"branchMap":{},"s":{"0":0,"1":0,"2":0,"3":0,"4":0,"5":0},"f":{"0":0,"1":0},"b":{}}
,"/Users/oleksii_zlobin/Projects/epam/JSONAdminEditor/react-client/src/types/api.ts": {"path":"/Users/oleksii_zlobin/Projects/epam/JSONAdminEditor/react-client/src/types/api.ts","statementMap":{},"fnMap":{},"branchMap":{},"s":{},"f":{},"b":{}}
,"/Users/oleksii_zlobin/Projects/epam/JSONAdminEditor/react-client/src/types/common.ts": {"path":"/Users/oleksii_zlobin/Projects/epam/JSONAdminEditor/react-client/src/types/common.ts","statementMap":{},"fnMap":{},"branchMap":{},"s":{},"f":{},"b":{},"_coverageSchema":"1a1c01bbd47fc00a2c39e90264f33305004495a9","hash":"78df088e1baafedee5ebebaafce210b5cfef2d7b"}
,"/Users/oleksii_zlobin/Projects/epam/JSONAdminEditor/react-client/src/types/customer.ts": {"path":"/Users/oleksii_zlobin/Projects/epam/JSONAdminEditor/react-client/src/types/customer.ts","statementMap":{},"fnMap":{},"branchMap":{},"s":{},"f":{},"b":{}}
,"/Users/oleksii_zlobin/Projects/epam/JSONAdminEditor/react-client/src/types/customerEvent.ts": {"path":"/Users/oleksii_zlobin/Projects/epam/JSONAdminEditor/react-client/src/types/customerEvent.ts","statementMap":{},"fnMap":{},"branchMap":{},"s":{},"f":{},"b":{}}
,"/Users/oleksii_zlobin/Projects/epam/JSONAdminEditor/react-client/src/types/customerSettings.ts": {"path":"/Users/oleksii_zlobin/Projects/epam/JSONAdminEditor/react-client/src/types/customerSettings.ts","statementMap":{},"fnMap":{},"branchMap":{},"s":{},"f":{},"b":{}}
,"/Users/oleksii_zlobin/Projects/epam/JSONAdminEditor/react-client/src/types/dictionary.ts": {"path":"/Users/oleksii_zlobin/Projects/epam/JSONAdminEditor/react-client/src/types/dictionary.ts","statementMap":{},"fnMap":{},"branchMap":{},"s":{},"f":{},"b":{}}
,"/Users/oleksii_zlobin/Projects/epam/JSONAdminEditor/react-client/src/types/events.ts": {"path":"/Users/oleksii_zlobin/Projects/epam/JSONAdminEditor/react-client/src/types/events.ts","statementMap":{},"fnMap":{},"branchMap":{},"s":{},"f":{},"b":{}}
,"/Users/oleksii_zlobin/Projects/epam/JSONAdminEditor/react-client/src/types/index.ts": {"path":"/Users/oleksii_zlobin/Projects/epam/JSONAdminEditor/react-client/src/types/index.ts","statementMap":{},"fnMap":{},"branchMap":{},"s":{},"f":{},"b":{}}
,"/Users/oleksii_zlobin/Projects/epam/JSONAdminEditor/react-client/src/types/template.ts": {"path":"/Users/oleksii_zlobin/Projects/epam/JSONAdminEditor/react-client/src/types/template.ts","statementMap":{},"fnMap":{},"branchMap":{},"s":{},"f":{},"b":{}}
,"/Users/oleksii_zlobin/Projects/epam/JSONAdminEditor/react-client/src/types/utils.ts": {"path":"/Users/oleksii_zlobin/Projects/epam/JSONAdminEditor/react-client/src/types/utils.ts","statementMap":{"0":{"start":{"line":6,"column":31},"end":{"line":8,"column":1}},"1":{"start":{"line":7,"column":2},"end":{"line":7,"column":49}},"2":{"start":{"line":10,"column":27},"end":{"line":12,"column":1}},"3":{"start":{"line":11,"column":2},"end":{"line":11,"column":78}},"4":{"start":{"line":14,"column":33},"end":{"line":23,"column":1}},"5":{"start":{"line":15,"column":2},"end":{"line":22,"column":4}}},"fnMap":{"0":{"name":"(anonymous_0)","decl":{"start":{"line":6,"column":31},"end":{"line":6,"column":32}},"loc":{"start":{"line":6,"column":69},"end":{"line":8,"column":1}},"line":6},"1":{"name":"(anonymous_1)","decl":{"start":{"line":10,"column":27},"end":{"line":10,"column":28}},"loc":{"start":{"line":10,"column":67},"end":{"line":12,"column":1}},"line":10},"2":{"name":"(anonymous_2)","decl":{"start":{"line":14,"column":33},"end":{"line":14,"column":34}},"loc":{"start":{"line":14,"column":79},"end":{"line":23,"column":1}},"line":14}},"branchMap":{"0":{"loc":{"start":{"line":11,"column":9},"end":{"line":11,"column":77}},"type":"binary-expr","locations":[{"start":{"line":11,"column":9},"end":{"line":11,"column":34}},{"start":{"line":11,"column":38},"end":{"line":11,"column":52}},{"start":{"line":11,"column":56},"end":{"line":11,"column":77}}],"line":11},"1":{"loc":{"start":{"line":16,"column":4},"end":{"line":21,"column":58}},"type":"binary-expr","locations":[{"start":{"line":16,"column":4},"end":{"line":16,"column":29}},{"start":{"line":17,"column":4},"end":{"line":17,"column":18}},{"start":{"line":18,"column":4},"end":{"line":18,"column":24}},{"start":{"line":19,"column":4},"end":{"line":19,"column":22}},{"start":{"line":20,"column":4},"end":{"line":20,"column":60}},{"start":{"line":21,"column":4},"end":{"line":21,"column":58}}],"line":16}},"s":{"0":1,"1":4,"2":1,"3":6,"4":1,"5":5},"f":{"0":4,"1":6,"2":5},"b":{"0":[6,4,3],"1":[5,5,4,2,1,1]},"_coverageSchema":"1a1c01bbd47fc00a2c39e90264f33305004495a9","hash":"fa5565dbf2534c95c09cf54d49c38b49cce98424"}
}
