TN:
SF:src/App.tsx
FN:20,App
FNF:1
FNH:0
FNDA:0,App
DA:18,0
DA:21,0
LF:2
LH:0
BRF:0
BRH:0
end_of_record
TN:
SF:src/components/DictionarySelector.tsx
FN:18,(anonymous_0)
FN:35,(anonymous_1)
FN:38,(anonymous_2)
FNF:3
FNH:0
FNDA:0,(anonymous_0)
FNDA:0,(anonymous_1)
FNDA:0,(anonymous_2)
DA:9,0
DA:18,0
DA:22,0
DA:35,0
DA:39,0
LF:5
LH:0
BRF:0
BRH:0
end_of_record
TN:
SF:src/components/ErrorBoundary.tsx
FN:14,(anonymous_0)
FN:19,(anonymous_1)
FN:23,(anonymous_2)
FN:27,(anonymous_3)
FN:36,(anonymous_4)
FNF:5
FNH:0
FNDA:0,(anonymous_0)
FNDA:0,(anonymous_1)
FNDA:0,(anonymous_2)
FNDA:0,(anonymous_3)
FNDA:0,(anonymous_4)
DA:15,0
DA:16,0
DA:20,0
DA:24,0
DA:28,0
DA:29,0
DA:36,0
DA:45,0
LF:8
LH:0
BRDA:28,0,0,0
BRDA:28,0,1,0
BRDA:29,1,0,0
BRDA:29,1,1,0
BRF:4
BRH:0
end_of_record
TN:
SF:src/components/FileUpload.tsx
FN:20,(anonymous_0)
FN:29,(anonymous_1)
FN:37,(anonymous_2)
FN:63,(anonymous_3)
FN:96,(anonymous_4)
FNF:5
FNH:0
FNDA:0,(anonymous_0)
FNDA:0,(anonymous_1)
FNDA:0,(anonymous_2)
FNDA:0,(anonymous_3)
FNDA:0,(anonymous_4)
DA:11,0
DA:20,0
DA:25,0
DA:26,0
DA:27,0
DA:29,0
DA:30,0
DA:31,0
DA:32,0
DA:33,0
DA:37,0
DA:38,0
DA:40,0
DA:42,0
DA:43,0
DA:48,0
DA:49,0
DA:51,0
DA:54,0
DA:56,0
DA:58,0
DA:59,0
DA:63,0
DA:64,0
DA:65,0
DA:67,0
DA:68,0
DA:71,0
DA:72,0
DA:75,0
DA:96,0
LF:31
LH:0
BRDA:31,0,0,0
BRDA:31,0,1,0
BRDA:31,1,0,0
BRDA:31,1,1,0
BRDA:38,2,0,0
BRDA:38,2,1,0
BRDA:48,3,0,0
BRDA:48,3,1,0
BRDA:49,4,0,0
BRDA:49,4,1,0
BRDA:51,5,0,0
BRDA:51,5,1,0
BRDA:59,6,0,0
BRDA:59,6,1,0
BRDA:68,7,0,0
BRDA:68,7,1,0
BRDA:71,8,0,0
BRDA:71,8,1,0
BRDA:92,9,0,0
BRDA:92,9,1,0
BRDA:96,10,0,0
BRDA:96,10,1,0
BRDA:128,11,0,0
BRDA:128,11,1,0
BRF:24
BRH:0
end_of_record
TN:
SF:src/components/JsonEditor.tsx
FN:13,(anonymous_0)
FN:24,(anonymous_1)
FN:32,(anonymous_2)
FN:44,(anonymous_3)
FN:48,(anonymous_4)
FN:56,(anonymous_5)
FN:58,(anonymous_6)
FN:63,(anonymous_7)
FN:77,(anonymous_8)
FN:83,(anonymous_9)
FN:84,(anonymous_10)
FN:145,(anonymous_11)
FN:152,(anonymous_12)
FN:154,(anonymous_13)
FN:166,(anonymous_14)
FN:175,(anonymous_15)
FN:179,(anonymous_16)
FN:190,(anonymous_17)
FN:205,(anonymous_18)
FNF:19
FNH:0
FNDA:0,(anonymous_0)
FNDA:0,(anonymous_1)
FNDA:0,(anonymous_2)
FNDA:0,(anonymous_3)
FNDA:0,(anonymous_4)
FNDA:0,(anonymous_5)
FNDA:0,(anonymous_6)
FNDA:0,(anonymous_7)
FNDA:0,(anonymous_8)
FNDA:0,(anonymous_9)
FNDA:0,(anonymous_10)
FNDA:0,(anonymous_11)
FNDA:0,(anonymous_12)
FNDA:0,(anonymous_13)
FNDA:0,(anonymous_14)
FNDA:0,(anonymous_15)
FNDA:0,(anonymous_16)
FNDA:0,(anonymous_17)
FNDA:0,(anonymous_18)
DA:13,0
DA:20,0
DA:21,0
DA:22,0
DA:24,0
DA:25,0
DA:26,0
DA:32,0
DA:33,0
DA:41,0
DA:44,0
DA:45,0
DA:47,0
DA:48,0
DA:49,0
DA:50,0
DA:53,0
DA:56,0
DA:57,0
DA:58,0
DA:59,0
DA:63,0
DA:64,0
DA:65,0
DA:67,0
DA:68,0
DA:70,0
DA:73,0
DA:74,0
DA:77,0
DA:78,0
DA:79,0
DA:80,0
DA:83,0
DA:84,0
DA:87,0
DA:88,0
DA:91,0
DA:92,0
DA:102,0
DA:146,0
DA:153,0
DA:155,0
DA:156,0
DA:157,0
DA:158,0
DA:160,0
DA:166,0
DA:175,0
DA:180,0
DA:190,0
DA:205,0
LF:52
LH:0
BRDA:21,0,0,0
BRDA:25,1,0,0
BRDA:25,1,1,0
BRDA:41,2,0,0
BRDA:41,2,1,0
BRDA:45,3,0,0
BRDA:45,3,1,0
BRDA:49,4,0,0
BRDA:49,4,1,0
BRDA:50,5,0,0
BRDA:50,5,1,0
BRDA:57,6,0,0
BRDA:57,6,1,0
BRDA:65,7,0,0
BRDA:65,7,1,0
BRDA:67,8,0,0
BRDA:67,8,1,0
BRDA:84,9,0,0
BRDA:84,9,1,0
BRDA:87,10,0,0
BRDA:87,10,1,0
BRDA:91,11,0,0
BRDA:91,11,1,0
BRDA:121,12,0,0
BRDA:121,12,1,0
BRDA:135,13,0,0
BRDA:135,13,1,0
BRDA:155,14,0,0
BRDA:155,14,1,0
BRDA:156,15,0,0
BRDA:156,15,1,0
BRDA:158,16,0,0
BRDA:158,16,1,0
BRDA:162,17,0,0
BRDA:162,17,1,0
BRDA:171,18,0,0
BRDA:171,18,1,0
BRDA:171,19,0,0
BRDA:171,19,1,0
BRDA:193,20,0,0
BRDA:193,20,1,0
BRF:41
BRH:0
end_of_record
TN:
SF:src/components/Sidebar.tsx
FN:4,(anonymous_0)
FN:9,(anonymous_1)
FN:10,(anonymous_2)
FN:10,(anonymous_3)
FN:19,(anonymous_4)
FN:45,(anonymous_5)
FNF:6
FNH:0
FNDA:0,(anonymous_0)
FNDA:0,(anonymous_1)
FNDA:0,(anonymous_2)
FNDA:0,(anonymous_3)
FNDA:0,(anonymous_4)
FNDA:0,(anonymous_5)
DA:4,0
DA:5,0
DA:6,0
DA:7,0
DA:9,0
DA:10,0
DA:12,0
DA:19,0
DA:45,0
LF:9
LH:0
BRDA:18,0,0,0
BRDA:18,0,1,0
BRDA:22,1,0,0
BRDA:22,1,1,0
BRDA:24,2,0,0
BRDA:24,2,1,0
BRDA:26,3,0,0
BRDA:26,3,1,0
BRDA:31,4,0,0
BRDA:31,4,1,0
BRDA:36,5,0,0
BRDA:36,5,1,0
BRDA:44,6,0,0
BRDA:44,6,1,0
BRDA:48,7,0,0
BRDA:48,7,1,0
BRDA:50,8,0,0
BRDA:50,8,1,0
BRDA:52,9,0,0
BRDA:52,9,1,0
BRDA:57,10,0,0
BRDA:57,10,1,0
BRDA:64,11,0,0
BRDA:64,11,1,0
BRF:24
BRH:0
end_of_record
TN:
SF:src/components/Skeleton.tsx
FN:10,(anonymous_0)
FN:20,(anonymous_1)
FNF:2
FNH:2
FNDA:4,(anonymous_0)
FNDA:9,(anonymous_1)
DA:10,1
DA:16,4
DA:18,3
DA:21,9
LF:4
LH:4
BRDA:12,0,0,3
BRDA:13,1,0,3
BRDA:16,2,0,1
BRDA:16,2,1,3
BRF:4
BRH:4
end_of_record
TN:
SF:src/components/common/CustomerSelector.tsx
FN:10,(anonymous_0)
FN:24,(anonymous_1)
FN:27,(anonymous_2)
FNF:3
FNH:3
FNDA:4,(anonymous_0)
FNDA:1,(anonymous_1)
FNDA:12,(anonymous_2)
DA:10,1
DA:16,4
DA:24,1
DA:28,12
LF:4
LH:4
BRDA:14,0,0,3
BRF:1
BRH:1
end_of_record
TN:
SF:src/components/common/PageHeader.tsx
FN:9,(anonymous_0)
FNF:1
FNH:1
FNDA:3,(anonymous_0)
DA:9,1
DA:10,3
LF:2
LH:2
BRDA:14,0,0,3
BRDA:14,0,1,1
BRF:2
BRH:2
end_of_record
TN:
SF:src/components/common/SaveButton.tsx
FN:10,(anonymous_0)
FNF:1
FNH:1
FNDA:5,(anonymous_0)
DA:10,1
DA:16,5
LF:2
LH:2
BRDA:12,0,0,4
BRDA:13,1,0,4
BRDA:14,2,0,4
BRDA:20,3,0,5
BRDA:20,3,1,4
BRDA:22,4,0,1
BRDA:22,4,1,4
BRF:7
BRH:7
end_of_record
TN:
SF:src/components/common/TabNavigation.tsx
FN:15,(anonymous_0)
FN:17,(anonymous_1)
FN:21,(anonymous_2)
FNF:3
FNH:3
FNDA:3,(anonymous_0)
FNDA:6,(anonymous_1)
FNDA:1,(anonymous_2)
DA:15,1
DA:16,3
DA:18,6
DA:21,1
LF:4
LH:4
BRDA:20,0,0,3
BRDA:20,0,1,3
BRF:2
BRH:2
end_of_record
TN:
SF:src/components/common/index.ts
FNF:0
FNH:0
LF:0
LH:0
BRF:0
BRH:0
end_of_record
TN:
SF:src/hooks/useContentVariableQuery.ts
FN:4,(anonymous_0)
FN:11,(anonymous_1)
FN:16,(anonymous_2)
FNF:3
FNH:0
FNDA:0,(anonymous_0)
FNDA:0,(anonymous_1)
FNDA:0,(anonymous_2)
DA:4,0
DA:5,0
DA:11,0
DA:12,0
DA:14,0
DA:17,0
LF:6
LH:0
BRF:0
BRH:0
end_of_record
TN:
SF:src/hooks/useCustomerQuery.ts
FN:4,(anonymous_0)
FN:11,(anonymous_1)
FN:14,(anonymous_2)
FN:19,(anonymous_3)
FN:22,(anonymous_4)
FN:27,(anonymous_5)
FN:31,(anonymous_6)
FN:33,(anonymous_7)
FN:39,(anonymous_8)
FN:43,(anonymous_9)
FN:45,(anonymous_10)
FNF:11
FNH:0
FNDA:0,(anonymous_0)
FNDA:0,(anonymous_1)
FNDA:0,(anonymous_2)
FNDA:0,(anonymous_3)
FNDA:0,(anonymous_4)
FNDA:0,(anonymous_5)
FNDA:0,(anonymous_6)
FNDA:0,(anonymous_7)
FNDA:0,(anonymous_8)
FNDA:0,(anonymous_9)
FNDA:0,(anonymous_10)
DA:4,0
DA:5,0
DA:11,0
DA:12,0
DA:14,0
DA:19,0
DA:20,0
DA:22,0
DA:27,0
DA:28,0
DA:30,0
DA:32,0
DA:34,0
DA:39,0
DA:40,0
DA:42,0
DA:44,0
DA:46,0
LF:18
LH:0
BRF:0
BRH:0
end_of_record
TN:
SF:src/hooks/useDictionaryQuery.ts
FN:5,(anonymous_0)
FN:8,(anonymous_1)
FN:13,(anonymous_2)
FN:17,(anonymous_3)
FN:19,(anonymous_4)
FN:25,(anonymous_5)
FN:30,(anonymous_6)
FN:36,(anonymous_7)
FNF:8
FNH:0
FNDA:0,(anonymous_0)
FNDA:0,(anonymous_1)
FNDA:0,(anonymous_2)
FNDA:0,(anonymous_3)
FNDA:0,(anonymous_4)
FNDA:0,(anonymous_5)
FNDA:0,(anonymous_6)
FNDA:0,(anonymous_7)
DA:5,0
DA:6,0
DA:8,0
DA:13,0
DA:14,0
DA:16,0
DA:18,0
DA:20,0
DA:25,0
DA:26,0
DA:28,0
DA:31,0
DA:36,0
DA:37,0
LF:14
LH:0
BRF:0
BRH:0
end_of_record
TN:
SF:src/hooks/useEventQuery.ts
FN:4,(anonymous_0)
FN:11,(anonymous_1)
FN:18,(anonymous_2)
FN:25,(anonymous_3)
FN:28,(anonymous_4)
FN:33,(anonymous_5)
FN:36,(anonymous_6)
FN:41,(anonymous_7)
FN:45,(anonymous_8)
FN:47,(anonymous_9)
FNF:10
FNH:0
FNDA:0,(anonymous_0)
FNDA:0,(anonymous_1)
FNDA:0,(anonymous_2)
FNDA:0,(anonymous_3)
FNDA:0,(anonymous_4)
FNDA:0,(anonymous_5)
FNDA:0,(anonymous_6)
FNDA:0,(anonymous_7)
FNDA:0,(anonymous_8)
FNDA:0,(anonymous_9)
DA:4,0
DA:5,0
DA:11,0
DA:12,0
DA:18,0
DA:19,0
DA:25,0
DA:26,0
DA:28,0
DA:33,0
DA:34,0
DA:36,0
DA:41,0
DA:42,0
DA:44,0
DA:46,0
DA:48,0
DA:49,0
LF:18
LH:0
BRF:0
BRH:0
end_of_record
TN:
SF:src/hooks/usePreferredCommunicationQuery.ts
FN:4,(anonymous_0)
FN:11,(anonymous_1)
FN:16,(anonymous_2)
FNF:3
FNH:0
FNDA:0,(anonymous_0)
FNDA:0,(anonymous_1)
FNDA:0,(anonymous_2)
DA:4,0
DA:5,0
DA:11,0
DA:12,0
DA:14,0
DA:17,0
LF:6
LH:0
BRF:0
BRH:0
end_of_record
TN:
SF:src/pages/ContentVariables.tsx
FN:9,(anonymous_0)
FN:14,(anonymous_1)
FN:63,(anonymous_2)
FNF:3
FNH:0
FNDA:0,(anonymous_0)
FNDA:0,(anonymous_1)
FNDA:0,(anonymous_2)
DA:9,0
DA:10,0
DA:11,0
DA:12,0
DA:14,0
DA:15,0
DA:17,0
DA:18,0
DA:19,0
DA:20,0
DA:21,0
DA:23,0
DA:24,0
DA:25,0
DA:27,0
DA:30,0
DA:31,0
DA:35,0
DA:44,0
DA:63,0
LF:20
LH:0
BRDA:10,0,0,0
BRDA:19,1,0,0
BRDA:19,1,1,0
BRDA:23,2,0,0
BRDA:23,2,1,0
BRDA:24,3,0,0
BRDA:24,3,1,0
BRDA:57,4,0,0
BRDA:57,4,1,0
BRF:9
BRH:0
end_of_record
TN:
SF:src/pages/CustomerEvents.tsx
FN:9,(anonymous_0)
FN:24,(anonymous_1)
FN:28,(anonymous_2)
FN:92,(anonymous_3)
FN:104,(anonymous_4)
FN:113,(anonymous_5)
FN:125,(anonymous_6)
FN:136,(anonymous_7)
FN:157,(anonymous_8)
FN:158,(anonymous_9)
FN:158,(anonymous_10)
FN:163,(anonymous_11)
FN:164,(anonymous_12)
FN:164,(anonymous_13)
FN:169,(anonymous_14)
FN:170,(anonymous_15)
FN:170,(anonymous_16)
FN:175,(anonymous_17)
FN:176,(anonymous_18)
FN:176,(anonymous_19)
FN:181,(anonymous_20)
FN:183,(anonymous_21)
FN:189,(anonymous_22)
FN:190,(anonymous_23)
FN:200,(anonymous_24)
FN:201,(anonymous_25)
FN:208,(anonymous_26)
FN:209,(anonymous_27)
FN:240,(anonymous_28)
FN:243,(anonymous_29)
FN:256,(anonymous_30)
FN:307,(anonymous_31)
FN:318,(anonymous_32)
FN:327,(anonymous_33)
FN:337,(anonymous_34)
FN:370,(anonymous_35)
FN:378,(anonymous_36)
FN:381,(anonymous_37)
FN:394,(anonymous_38)
FN:432,(anonymous_39)
FN:439,(anonymous_40)
FN:447,(anonymous_41)
FN:454,(anonymous_42)
FNF:43
FNH:0
FNDA:0,(anonymous_0)
FNDA:0,(anonymous_1)
FNDA:0,(anonymous_2)
FNDA:0,(anonymous_3)
FNDA:0,(anonymous_4)
FNDA:0,(anonymous_5)
FNDA:0,(anonymous_6)
FNDA:0,(anonymous_7)
FNDA:0,(anonymous_8)
FNDA:0,(anonymous_9)
FNDA:0,(anonymous_10)
FNDA:0,(anonymous_11)
FNDA:0,(anonymous_12)
FNDA:0,(anonymous_13)
FNDA:0,(anonymous_14)
FNDA:0,(anonymous_15)
FNDA:0,(anonymous_16)
FNDA:0,(anonymous_17)
FNDA:0,(anonymous_18)
FNDA:0,(anonymous_19)
FNDA:0,(anonymous_20)
FNDA:0,(anonymous_21)
FNDA:0,(anonymous_22)
FNDA:0,(anonymous_23)
FNDA:0,(anonymous_24)
FNDA:0,(anonymous_25)
FNDA:0,(anonymous_26)
FNDA:0,(anonymous_27)
FNDA:0,(anonymous_28)
FNDA:0,(anonymous_29)
FNDA:0,(anonymous_30)
FNDA:0,(anonymous_31)
FNDA:0,(anonymous_32)
FNDA:0,(anonymous_33)
FNDA:0,(anonymous_34)
FNDA:0,(anonymous_35)
FNDA:0,(anonymous_36)
FNDA:0,(anonymous_37)
FNDA:0,(anonymous_38)
FNDA:0,(anonymous_39)
FNDA:0,(anonymous_40)
FNDA:0,(anonymous_41)
FNDA:0,(anonymous_42)
DA:9,0
DA:10,0
DA:11,0
DA:12,0
DA:13,0
DA:14,0
DA:15,0
DA:16,0
DA:18,0
DA:19,0
DA:20,0
DA:21,0
DA:22,0
DA:24,0
DA:25,0
DA:27,0
DA:29,0
DA:34,0
DA:64,0
DA:67,0
DA:87,0
DA:90,0
DA:91,0
DA:92,0
DA:93,0
DA:100,0
DA:104,0
DA:105,0
DA:107,0
DA:113,0
DA:114,0
DA:115,0
DA:116,0
DA:118,0
DA:124,0
DA:125,0
DA:126,0
DA:127,0
DA:130,0
DA:131,0
DA:135,0
DA:136,0
DA:137,0
DA:138,0
DA:141,0
DA:142,0
DA:145,0
DA:146,0
DA:147,0
DA:148,0
DA:150,0
DA:153,0
DA:157,0
DA:158,0
DA:159,0
DA:163,0
DA:164,0
DA:165,0
DA:169,0
DA:170,0
DA:171,0
DA:175,0
DA:176,0
DA:177,0
DA:181,0
DA:182,0
DA:183,0
DA:189,0
DA:190,0
DA:191,0
DA:192,0
DA:193,0
DA:195,0
DA:196,0
DA:200,0
DA:201,0
DA:202,0
DA:203,0
DA:204,0
DA:208,0
DA:209,0
DA:212,0
DA:218,0
DA:240,0
DA:244,0
DA:256,0
DA:308,0
DA:318,0
DA:327,0
DA:337,0
DA:371,0
DA:378,0
DA:382,0
DA:394,0
DA:433,0
DA:439,0
DA:447,0
DA:454,0
LF:98
LH:0
BRDA:18,0,0,0
BRDA:19,1,0,0
BRDA:20,2,0,0
BRDA:25,3,0,0
BRDA:25,3,1,0
BRDA:25,4,0,0
BRDA:25,4,1,0
BRDA:27,5,0,0
BRDA:27,5,1,0
BRDA:29,6,0,0
BRDA:29,6,1,0
BRDA:37,7,0,0
BRDA:37,7,1,0
BRDA:44,8,0,0
BRDA:44,8,1,0
BRDA:51,9,0,0
BRDA:51,9,1,0
BRDA:58,10,0,0
BRDA:58,10,1,0
BRDA:70,11,0,0
BRDA:70,11,1,0
BRDA:76,12,0,0
BRDA:76,12,1,0
BRDA:82,13,0,0
BRDA:82,13,1,0
BRDA:91,14,0,0
BRDA:91,14,1,0
BRDA:105,15,0,0
BRDA:105,15,1,0
BRDA:105,16,0,0
BRDA:105,16,1,0
BRDA:114,17,0,0
BRDA:114,17,1,0
BRDA:115,18,0,0
BRDA:115,18,1,0
BRDA:126,19,0,0
BRDA:126,19,1,0
BRDA:130,20,0,0
BRDA:130,20,1,0
BRDA:137,21,0,0
BRDA:137,21,1,0
BRDA:137,22,0,0
BRDA:137,22,1,0
BRDA:141,23,0,0
BRDA:141,23,1,0
BRDA:147,24,0,0
BRDA:147,24,1,0
BRDA:159,25,0,0
BRDA:159,25,1,0
BRDA:165,26,0,0
BRDA:165,26,1,0
BRDA:171,27,0,0
BRDA:171,27,1,0
BRDA:177,28,0,0
BRDA:177,28,1,0
BRDA:192,29,0,0
BRDA:192,29,1,0
BRDA:229,30,0,0
BRDA:229,30,1,0
BRDA:256,31,0,0
BRDA:256,31,1,0
BRDA:268,32,0,0
BRDA:268,32,1,0
BRDA:268,32,2,0
BRDA:290,33,0,0
BRDA:290,33,1,0
BRDA:311,34,0,0
BRDA:311,34,1,0
BRDA:342,35,0,0
BRDA:342,35,1,0
BRDA:353,36,0,0
BRDA:353,36,1,0
BRDA:399,37,0,0
BRDA:399,37,1,0
BRDA:410,38,0,0
BRDA:410,38,1,0
BRDA:461,39,0,0
BRDA:461,39,1,0
BRF:78
BRH:0
end_of_record
TN:
SF:src/pages/CustomerSettings.tsx
FN:9,(anonymous_0)
FN:19,(anonymous_1)
FN:24,(anonymous_2)
FN:25,(anonymous_3)
FN:37,(anonymous_4)
FN:55,(anonymous_5)
FN:68,(anonymous_6)
FN:76,(anonymous_7)
FN:94,(anonymous_8)
FN:101,(anonymous_9)
FN:104,(anonymous_10)
FN:105,(anonymous_11)
FN:105,(anonymous_12)
FN:110,(anonymous_13)
FN:111,(anonymous_14)
FN:111,(anonymous_15)
FN:114,(anonymous_16)
FN:115,(anonymous_17)
FN:115,(anonymous_18)
FN:182,(anonymous_19)
FN:190,(anonymous_20)
FN:204,(anonymous_21)
FN:221,(anonymous_22)
FN:231,(anonymous_23)
FNF:24
FNH:0
FNDA:0,(anonymous_0)
FNDA:0,(anonymous_1)
FNDA:0,(anonymous_2)
FNDA:0,(anonymous_3)
FNDA:0,(anonymous_4)
FNDA:0,(anonymous_5)
FNDA:0,(anonymous_6)
FNDA:0,(anonymous_7)
FNDA:0,(anonymous_8)
FNDA:0,(anonymous_9)
FNDA:0,(anonymous_10)
FNDA:0,(anonymous_11)
FNDA:0,(anonymous_12)
FNDA:0,(anonymous_13)
FNDA:0,(anonymous_14)
FNDA:0,(anonymous_15)
FNDA:0,(anonymous_16)
FNDA:0,(anonymous_17)
FNDA:0,(anonymous_18)
FNDA:0,(anonymous_19)
FNDA:0,(anonymous_20)
FNDA:0,(anonymous_21)
FNDA:0,(anonymous_22)
FNDA:0,(anonymous_23)
DA:9,0
DA:10,0
DA:11,0
DA:12,0
DA:14,0
DA:15,0
DA:16,0
DA:17,0
DA:19,0
DA:20,0
DA:21,0
DA:24,0
DA:25,0
DA:26,0
DA:27,0
DA:37,0
DA:38,0
DA:39,0
DA:40,0
DA:41,0
DA:43,0
DA:52,0
DA:55,0
DA:56,0
DA:57,0
DA:58,0
DA:60,0
DA:61,0
DA:68,0
DA:69,0
DA:71,0
DA:76,0
DA:77,0
DA:78,0
DA:82,0
DA:83,0
DA:84,0
DA:85,0
DA:87,0
DA:90,0
DA:94,0
DA:95,0
DA:101,0
DA:104,0
DA:105,0
DA:106,0
DA:110,0
DA:111,0
DA:114,0
DA:115,0
DA:116,0
DA:117,0
DA:123,0
DA:127,0
DA:183,0
DA:190,0
DA:204,0
DA:221,0
DA:231,0
LF:59
LH:0
BRDA:14,0,0,0
BRDA:16,1,0,0
BRDA:20,2,0,0
BRDA:20,2,1,0
BRDA:26,3,0,0
BRDA:26,3,1,0
BRDA:39,4,0,0
BRDA:39,4,1,0
BRDA:39,4,2,0
BRDA:41,5,0,0
BRDA:41,5,1,0
BRDA:56,6,0,0
BRDA:56,6,1,0
BRDA:69,7,0,0
BRDA:69,7,1,0
BRDA:77,8,0,0
BRDA:77,8,1,0
BRDA:77,9,0,0
BRDA:77,9,1,0
BRDA:84,10,0,0
BRDA:84,10,1,0
BRDA:106,11,0,0
BRDA:106,11,1,0
BRDA:116,12,0,0
BRDA:116,12,1,0
BRDA:120,13,0,0
BRDA:120,13,1,0
BRDA:120,14,0,0
BRDA:120,14,1,0
BRDA:142,15,0,0
BRDA:142,15,1,0
BRDA:142,15,2,0
BRDA:170,16,0,0
BRDA:170,16,1,0
BRDA:192,17,0,0
BRDA:192,17,1,0
BRDA:203,18,0,0
BRDA:203,18,1,0
BRDA:206,19,0,0
BRDA:206,19,1,0
BRDA:213,20,0,0
BRDA:213,20,1,0
BRDA:227,21,0,0
BRDA:227,21,1,0
BRDA:256,22,0,0
BRDA:256,22,1,0
BRF:46
BRH:0
end_of_record
TN:
SF:src/pages/Dictionaries.tsx
FN:11,(anonymous_0)
FN:22,(anonymous_1)
FN:29,(anonymous_2)
FN:81,(anonymous_3)
FN:82,(anonymous_4)
FN:94,(anonymous_5)
FNF:6
FNH:0
FNDA:0,(anonymous_0)
FNDA:0,(anonymous_1)
FNDA:0,(anonymous_2)
FNDA:0,(anonymous_3)
FNDA:0,(anonymous_4)
FNDA:0,(anonymous_5)
DA:11,0
DA:12,0
DA:14,0
DA:16,0
DA:17,0
DA:18,0
DA:20,0
DA:22,0
DA:23,0
DA:24,0
DA:29,0
DA:30,0
DA:31,0
DA:34,0
DA:35,0
DA:41,0
DA:42,0
DA:43,0
DA:45,0
DA:46,0
DA:47,0
DA:49,0
DA:52,0
DA:53,0
DA:54,0
DA:58,0
DA:81,0
DA:82,0
DA:94,0
LF:29
LH:0
BRDA:20,0,0,0
BRDA:20,0,1,0
BRDA:30,1,0,0
BRDA:30,1,1,0
BRDA:41,2,0,0
BRDA:41,2,1,0
BRDA:42,3,0,0
BRDA:42,3,1,0
BRDA:45,4,0,0
BRDA:45,4,1,0
BRDA:46,5,0,0
BRDA:46,5,1,0
BRDA:61,6,0,0
BRDA:61,6,1,0
BRDA:68,7,0,0
BRDA:68,7,1,0
BRF:16
BRH:0
end_of_record
TN:
SF:src/pages/Events.tsx
FN:21,(anonymous_0)
FN:43,(anonymous_1)
FN:66,(anonymous_2)
FN:88,(anonymous_3)
FN:89,(anonymous_4)
FN:92,(anonymous_5)
FN:93,(anonymous_6)
FN:116,(anonymous_7)
FN:119,(anonymous_8)
FN:129,(anonymous_9)
FN:131,(anonymous_10)
FN:149,(anonymous_11)
FN:157,(anonymous_12)
FN:165,(anonymous_13)
FN:182,(anonymous_14)
FN:191,(anonymous_15)
FN:202,(anonymous_16)
FN:211,(anonymous_17)
FN:221,(anonymous_18)
FN:236,(anonymous_19)
FN:239,(anonymous_20)
FN:239,(anonymous_21)
FN:251,(anonymous_22)
FN:254,(anonymous_23)
FN:254,(anonymous_24)
FN:266,(anonymous_25)
FN:269,(anonymous_26)
FN:269,(anonymous_27)
FN:282,(anonymous_28)
FN:289,(anonymous_29)
FN:303,(anonymous_30)
FN:315,(anonymous_31)
FN:329,(anonymous_32)
FNF:33
FNH:0
FNDA:0,(anonymous_0)
FNDA:0,(anonymous_1)
FNDA:0,(anonymous_2)
FNDA:0,(anonymous_3)
FNDA:0,(anonymous_4)
FNDA:0,(anonymous_5)
FNDA:0,(anonymous_6)
FNDA:0,(anonymous_7)
FNDA:0,(anonymous_8)
FNDA:0,(anonymous_9)
FNDA:0,(anonymous_10)
FNDA:0,(anonymous_11)
FNDA:0,(anonymous_12)
FNDA:0,(anonymous_13)
FNDA:0,(anonymous_14)
FNDA:0,(anonymous_15)
FNDA:0,(anonymous_16)
FNDA:0,(anonymous_17)
FNDA:0,(anonymous_18)
FNDA:0,(anonymous_19)
FNDA:0,(anonymous_20)
FNDA:0,(anonymous_21)
FNDA:0,(anonymous_22)
FNDA:0,(anonymous_23)
FNDA:0,(anonymous_24)
FNDA:0,(anonymous_25)
FNDA:0,(anonymous_26)
FNDA:0,(anonymous_27)
FNDA:0,(anonymous_28)
FNDA:0,(anonymous_29)
FNDA:0,(anonymous_30)
FNDA:0,(anonymous_31)
FNDA:0,(anonymous_32)
DA:21,0
DA:22,0
DA:23,0
DA:24,0
DA:25,0
DA:26,0
DA:27,0
DA:28,0
DA:29,0
DA:30,0
DA:39,0
DA:40,0
DA:41,0
DA:43,0
DA:44,0
DA:45,0
DA:46,0
DA:47,0
DA:48,0
DA:49,0
DA:50,0
DA:61,0
DA:62,0
DA:66,0
DA:67,0
DA:69,0
DA:70,0
DA:77,0
DA:78,0
DA:79,0
DA:81,0
DA:84,0
DA:88,0
DA:89,0
DA:92,0
DA:93,0
DA:99,0
DA:116,0
DA:120,0
DA:129,0
DA:132,0
DA:149,0
DA:157,0
DA:165,0
DA:182,0
DA:191,0
DA:202,0
DA:211,0
DA:221,0
DA:236,0
DA:239,0
DA:240,0
DA:251,0
DA:254,0
DA:255,0
DA:266,0
DA:269,0
DA:270,0
DA:283,0
DA:290,0
DA:291,0
DA:292,0
DA:293,0
DA:304,0
DA:305,0
DA:306,0
DA:316,0
DA:317,0
DA:318,0
DA:330,0
DA:331,0
LF:71
LH:0
BRDA:27,0,0,0
BRDA:28,1,0,0
BRDA:29,2,0,0
BRDA:39,3,0,0
BRDA:45,4,0,0
BRDA:45,4,1,0
BRDA:45,5,0,0
BRDA:45,5,1,0
BRDA:48,6,0,0
BRDA:48,6,1,0
BRDA:67,7,0,0
BRDA:67,7,1,0
BRDA:67,8,0,0
BRDA:67,8,1,0
BRDA:77,9,0,0
BRDA:77,9,1,0
BRDA:78,10,0,0
BRDA:78,10,1,0
BRDA:89,11,0,0
BRDA:89,11,1,0
BRDA:93,12,0,0
BRDA:93,12,1,0
BRDA:124,13,0,0
BRDA:124,13,1,0
BRDA:142,14,0,0
BRDA:142,14,1,0
BRDA:142,14,2,0
BRDA:148,15,0,0
BRDA:148,15,1,0
BRDA:156,16,0,0
BRDA:156,16,1,0
BRDA:164,17,0,0
BRDA:164,17,1,0
BRDA:173,18,0,0
BRDA:173,18,1,0
BRDA:181,19,0,0
BRDA:181,19,1,0
BRDA:190,20,0,0
BRDA:190,20,1,0
BRDA:201,21,0,0
BRDA:201,21,1,0
BRDA:210,22,0,0
BRDA:210,22,1,0
BRDA:220,23,0,0
BRDA:220,23,1,0
BRDA:229,24,0,0
BRDA:229,24,1,0
BRDA:235,25,0,0
BRDA:235,25,1,0
BRDA:250,26,0,0
BRDA:250,26,1,0
BRDA:265,27,0,0
BRDA:265,27,1,0
BRDA:279,28,0,0
BRDA:279,28,1,0
BRDA:282,29,0,0
BRDA:282,29,1,0
BRDA:346,30,0,0
BRDA:346,30,1,0
BRF:59
BRH:0
end_of_record
TN:
SF:src/pages/PreferredCommunication.tsx
FN:8,(anonymous_0)
FN:27,(anonymous_1)
FN:81,(anonymous_2)
FNF:3
FNH:0
FNDA:0,(anonymous_0)
FNDA:0,(anonymous_1)
FNDA:0,(anonymous_2)
DA:8,0
DA:9,0
DA:10,0
DA:12,0
DA:14,0
DA:15,0
DA:27,0
DA:28,0
DA:30,0
DA:31,0
DA:32,0
DA:33,0
DA:34,0
DA:36,0
DA:37,0
DA:38,0
DA:40,0
DA:43,0
DA:44,0
DA:45,0
DA:49,0
DA:58,0
DA:81,0
LF:23
LH:0
BRDA:9,0,0,0
BRDA:32,1,0,0
BRDA:32,1,1,0
BRDA:36,2,0,0
BRDA:36,2,1,0
BRDA:37,3,0,0
BRDA:37,3,1,0
BRDA:75,4,0,0
BRDA:75,4,1,0
BRF:9
BRH:0
end_of_record
TN:
SF:src/services/contentVariableService.ts
FN:10,(anonymous_0)
FN:15,(anonymous_1)
FNF:2
FNH:0
FNDA:0,(anonymous_0)
FNDA:0,(anonymous_1)
DA:4,0
DA:9,0
DA:11,0
DA:12,0
DA:16,0
DA:17,0
LF:6
LH:0
BRF:0
BRH:0
end_of_record
TN:
SF:src/services/customerService.ts
FN:9,(anonymous_0)
FN:14,(anonymous_1)
FN:19,(anonymous_2)
FN:24,(anonymous_3)
FN:29,(anonymous_4)
FNF:5
FNH:0
FNDA:0,(anonymous_0)
FNDA:0,(anonymous_1)
FNDA:0,(anonymous_2)
FNDA:0,(anonymous_3)
FNDA:0,(anonymous_4)
DA:3,0
DA:8,0
DA:10,0
DA:11,0
DA:15,0
DA:16,0
DA:20,0
DA:21,0
DA:25,0
DA:26,0
DA:30,0
DA:31,0
LF:12
LH:0
BRF:0
BRH:0
end_of_record
TN:
SF:src/services/dictionaryService.ts
FN:10,(anonymous_0)
FN:15,(anonymous_1)
FN:26,(anonymous_2)
FN:39,(anonymous_3)
FN:44,(anonymous_4)
FN:45,(anonymous_5)
FN:46,(anonymous_6)
FNF:7
FNH:0
FNDA:0,(anonymous_0)
FNDA:0,(anonymous_1)
FNDA:0,(anonymous_2)
FNDA:0,(anonymous_3)
FNDA:0,(anonymous_4)
FNDA:0,(anonymous_5)
FNDA:0,(anonymous_6)
DA:4,0
DA:9,0
DA:11,0
DA:12,0
DA:16,0
DA:17,0
DA:18,0
DA:19,0
DA:20,0
DA:23,0
DA:27,0
DA:28,0
DA:29,0
DA:30,0
DA:31,0
DA:33,0
DA:36,0
DA:40,0
DA:41,0
DA:42,0
DA:43,0
DA:44,0
DA:45,0
DA:46,0
DA:49,0
DA:51,0
LF:26
LH:0
BRDA:29,0,0,0
BRDA:29,0,1,0
BRDA:30,1,0,0
BRDA:30,1,1,0
BRDA:42,2,0,0
BRDA:42,2,1,0
BRDA:42,3,0,0
BRDA:42,3,1,0
BRDA:44,4,0,0
BRDA:44,4,1,0
BRDA:46,5,0,0
BRDA:46,5,1,0
BRF:12
BRH:0
end_of_record
TN:
SF:src/services/eventService.ts
FN:10,(anonymous_0)
FN:15,(anonymous_1)
FN:20,(anonymous_2)
FN:25,(anonymous_3)
FN:30,(anonymous_4)
FN:35,(anonymous_5)
FN:40,(anonymous_6)
FNF:7
FNH:0
FNDA:0,(anonymous_0)
FNDA:0,(anonymous_1)
FNDA:0,(anonymous_2)
FNDA:0,(anonymous_3)
FNDA:0,(anonymous_4)
FNDA:0,(anonymous_5)
FNDA:0,(anonymous_6)
DA:4,0
DA:9,0
DA:11,0
DA:12,0
DA:16,0
DA:17,0
DA:21,0
DA:22,0
DA:26,0
DA:27,0
DA:31,0
DA:32,0
DA:36,0
DA:37,0
DA:41,0
DA:47,0
LF:16
LH:0
BRF:0
BRH:0
end_of_record
TN:
SF:src/services/index.ts
FNF:0
FNH:0
LF:0
LH:0
BRF:0
BRH:0
end_of_record
TN:
SF:src/services/preferredCommunicationService.ts
FN:10,(anonymous_0)
FN:15,(anonymous_1)
FNF:2
FNH:0
FNDA:0,(anonymous_0)
FNDA:0,(anonymous_1)
DA:4,0
DA:9,0
DA:11,0
DA:12,0
DA:16,0
DA:17,0
LF:6
LH:0
BRF:0
BRH:0
end_of_record
TN:
SF:src/types/api.ts
FNF:0
FNH:0
LF:0
LH:0
BRF:0
BRH:0
end_of_record
TN:
SF:src/types/common.ts
FNF:0
FNH:0
LF:0
LH:0
BRF:0
BRH:0
end_of_record
TN:
SF:src/types/customer.ts
FNF:0
FNH:0
LF:0
LH:0
BRF:0
BRH:0
end_of_record
TN:
SF:src/types/customerEvent.ts
FNF:0
FNH:0
LF:0
LH:0
BRF:0
BRH:0
end_of_record
TN:
SF:src/types/customerSettings.ts
FNF:0
FNH:0
LF:0
LH:0
BRF:0
BRH:0
end_of_record
TN:
SF:src/types/dictionary.ts
FNF:0
FNH:0
LF:0
LH:0
BRF:0
BRH:0
end_of_record
TN:
SF:src/types/events.ts
FNF:0
FNH:0
LF:0
LH:0
BRF:0
BRH:0
end_of_record
TN:
SF:src/types/index.ts
FNF:0
FNH:0
LF:0
LH:0
BRF:0
BRH:0
end_of_record
TN:
SF:src/types/template.ts
FNF:0
FNH:0
LF:0
LH:0
BRF:0
BRH:0
end_of_record
TN:
SF:src/types/utils.ts
FN:6,(anonymous_0)
FN:10,(anonymous_1)
FN:14,(anonymous_2)
FNF:3
FNH:3
FNDA:4,(anonymous_0)
FNDA:6,(anonymous_1)
FNDA:5,(anonymous_2)
DA:6,1
DA:7,4
DA:10,1
DA:11,6
DA:14,1
DA:15,5
LF:6
LH:6
BRDA:11,0,0,6
BRDA:11,0,1,4
BRDA:11,0,2,3
BRDA:16,1,0,5
BRDA:16,1,1,5
BRDA:16,1,2,4
BRDA:16,1,3,2
BRDA:16,1,4,1
BRDA:16,1,5,1
BRF:9
BRH:9
end_of_record
